<?xml version="1.0" encoding="utf-8"?>
<TestRun id="8e5595cb-b0cc-4179-a116-a92804da280d" name="YANG@LAPTOP-586G3BLJ 2026-05-29 22:46:28" runUser="LAPTOP-586G3BLJ\YANG" xmlns="http://microsoft.com/schemas/VisualStudio/TeamTest/2010">
  <Times creation="2026-05-29T22:46:28.8724727+08:00" queuing="2026-05-29T22:46:28.8724729+08:00" start="2026-05-29T22:46:28.4609533+08:00" finish="2026-05-29T22:46:30.0156521+08:00" />
  <TestSettings name="default" id="1be6d724-fe47-4eca-a217-ca3b01d700a0">
    <Deployment runDeploymentRoot="YANG_LAPTOP-586G3BLJ_2026-05-29_22_46_28" />
  </TestSettings>
  <Results>
    <UnitTestResult executionId="8fdb39ac-109f-4106-a629-9447240ae007" testId="7e1d8d87-f1dc-1284-501a-8f4ee07088a4" testName="ClosetApp.Tests.ClothesTabStateTests.ApplyFilter_WithQueueMissingBrandOrColor_ReturnsItemsMissingEitherField" computerName="LAPTOP-586G3BLJ" duration="00:00:00.0001731" startTime="2026-05-29T22:46:28.8664174+08:00" endTime="2026-05-29T22:46:28.8664174+08:00" testType="13cdc9d9-ddb5-4fa4-a97d-d965ccfc6d4b" outcome="Passed" testListId="8c84fa94-04c1-424b-9868-57a2d4851a1d" relativeResultsDirectory="8fdb39ac-109f-4106-a629-9447240ae007" />
    <UnitTestResult executionId="ebdccb47-7918-42a4-8189-fa2dbc582be8" testId="bf00800d-a7c7-188d-590d-497f0efb6b45" testName="ClosetApp.Tests.OutfitsViewModelTests.RefreshWeatherRecommendationsAsync_WhenEnabled_AvoidsWornToday" computerName="LAPTOP-586G3BLJ" duration="00:00:00.0003249" startTime="2026-05-29T22:46:28.9020863+08:00" endTime="2026-05-29T22:46:28.9020864+08:00" testType="13cdc9d9-ddb5-4fa4-a97d-d965ccfc6d4b" outcome="Passed" testListId="8c84fa94-04c1-424b-9868-57a2d4851a1d" relativeResultsDirectory="ebdccb47-7918-42a4-8189-fa2dbc582be8" />
    <UnitTestResult executionId="fca81409-12c4-44bd-8263-96434282d336" testId="501e5851-5c39-8961-3242-943e8e3d93ab" testName="ClosetApp.Tests.TabStateTests.OutfitsTabState_SetOutfits_UpdatesListAndLoadFlag" computerName="LAPTOP-586G3BLJ" duration="00:00:00.0005516" startTime="2026-05-29T22:46:28.8664400+08:00" endTime="2026-05-29T22:46:28.8664400+08:00" testType="13cdc9d9-ddb5-4fa4-a97d-d965ccfc6d4b" outcome="Passed" testListId="8c84fa94-04c1-424b-9868-57a2d4851a1d" relativeResultsDirectory="fca81409-12c4-44bd-8263-96434282d336" />
    <UnitTestResult executionId="f1cd611a-2c60-4e87-abf3-d205d9f2b9be" testId="e8dfb5e4-7feb-034d-2f3d-e151d23bae29" testName="ClosetApp.Tests.GetWardrobeInsightsTests.ExecuteAsync_WithOutfits_CalculatesWearRate" computerName="LAPTOP-586G3BLJ" duration="00:00:00.0016113" startTime="2026-05-29T22:46:28.8677628+08:00" endTime="2026-05-29T22:46:28.8677628+08:00" testType="13cdc9d9-ddb5-4fa4-a97d-d965ccfc6d4b" outcome="Passed" testListId="8c84fa94-04c1-424b-9868-57a2d4851a1d" relativeResultsDirectory="f1cd611a-2c60-4e87-abf3-d205d9f2b9be" />
    <UnitTestResult executionId="043b1310-f73c-4caf-b083-02d1eb2fa5d2" testId="340750be-34db-1da0-3d24-1c1c9495e081" testName="ClosetApp.Tests.ImageStorageServiceTests.EnsureThumbnailAsync_ReturnsFalseWhenStoredImageMissing" computerName="LAPTOP-586G3BLJ" duration="00:00:00.0019301" startTime="2026-05-29T22:46:29.2235809+08:00" endTime="2026-05-29T22:46:29.2235811+08:00" testType="13cdc9d9-ddb5-4fa4-a97d-d965ccfc6d4b" outcome="Passed" testListId="8c84fa94-04c1-424b-9868-57a2d4851a1d" relativeResultsDirectory="043b1310-f73c-4caf-b083-02d1eb2fa5d2" />
    <UnitTestResult executionId="72746272-ee9b-4f0f-a5ea-9af0aa50c1d7" testId="3df3011c-ae4b-4d93-b288-7cefb6823485" testName="ClosetApp.Tests.OutfitsViewModelTests.RefreshWeatherRecommendationsAsync_WithPreferLessWornStrategy_PrioritizesLowWearCount" computerName="LAPTOP-586G3BLJ" duration="00:00:00.0007092" startTime="2026-05-29T22:46:28.9048567+08:00" endTime="2026-05-29T22:46:28.9048568+08:00" testType="13cdc9d9-ddb5-4fa4-a97d-d965ccfc6d4b" outcome="Passed" testListId="8c84fa94-04c1-424b-9868-57a2d4851a1d" relativeResultsDirectory="72746272-ee9b-4f0f-a5ea-9af0aa50c1d7" />
    <UnitTestResult executionId="3e4d735b-727a-4833-b4c2-b3f1d71a6cb4" testId="921d74da-5f6a-f112-8d79-5a720651831f" testName="ClosetApp.Tests.OutfitCompositionEngineTests.DetermineMode_UsesLegacyTypeFallback" computerName="LAPTOP-586G3BLJ" duration="00:00:00.0002019" startTime="2026-05-29T22:46:28.8799816+08:00" endTime="2026-05-29T22:46:28.8799816+08:00" testType="13cdc9d9-ddb5-4fa4-a97d-d965ccfc6d4b" outcome="Passed" testListId="8c84fa94-04c1-424b-9868-57a2d4851a1d" relativeResultsDirectory="3e4d735b-727a-4833-b4c2-b3f1d71a6cb4" />
    <UnitTestResult executionId="87adf45a-edeb-41f5-8e56-c0c56fda0200" testId="b8d38935-f109-3350-4832-fc73bac51ddc" testName="ClosetApp.Tests.ClothesTabStateTests.FilterSummary_WithSearchAndCategory_UsesCombinedSummary" computerName="LAPTOP-586G3BLJ" duration="00:00:00.0130250" startTime="2026-05-29T22:46:28.8517690+08:00" endTime="2026-05-29T22:46:28.8517690+08:00" testType="13cdc9d9-ddb5-4fa4-a97d-d965ccfc6d4b" outcome="Passed" testListId="8c84fa94-04c1-424b-9868-57a2d4851a1d" relativeResultsDirectory="87adf45a-edeb-41f5-8e56-c0c56fda0200" />
    <UnitTestResult executionId="9caba3d7-70c3-4561-a2d4-1ad605c24871" testId="bf754bcc-a130-416a-09ac-7b2effea698c" testName="ClosetApp.Tests.SettingsViewModelTests.FormatSize_UsesReadableUnits" computerName="LAPTOP-586G3BLJ" duration="00:00:00.0003181" startTime="2026-05-29T22:46:28.8952643+08:00" endTime="2026-05-29T22:46:28.8952644+08:00" testType="13cdc9d9-ddb5-4fa4-a97d-d965ccfc6d4b" outcome="Passed" testListId="8c84fa94-04c1-424b-9868-57a2d4851a1d" relativeResultsDirectory="9caba3d7-70c3-4561-a2d4-1ad605c24871" />
    <UnitTestResult executionId="813cc051-db4f-4a70-9f6f-0d44eacc4352" testId="6a5e3dff-8514-4471-5a56-8832f4142b6c" testName="ClosetApp.Tests.OutfitCompositionEngineTests.CalculateLayout_WithDressOutfit_OrdersDressShoesAndAccessory" computerName="LAPTOP-586G3BLJ" duration="00:00:00.0009941" startTime="2026-05-29T22:46:28.8808881+08:00" endTime="2026-05-29T22:46:28.8808882+08:00" testType="13cdc9d9-ddb5-4fa4-a97d-d965ccfc6d4b" outcome="Passed" testListId="8c84fa94-04c1-424b-9868-57a2d4851a1d" relativeResultsDirectory="813cc051-db4f-4a70-9f6f-0d44eacc4352" />
    <UnitTestResult executionId="a59288db-fb4c-438d-b0f3-e3470803f57b" testId="ccef6b5c-7f6f-3c12-cec0-c8a7ebd59802" testName="ClosetApp.Tests.ClothesTabStateTests.ApplyFilter_SearchesTagNamesAndNotes" computerName="LAPTOP-586G3BLJ" duration="00:00:00.0038481" startTime="2026-05-29T22:46:28.8663997+08:00" endTime="2026-05-29T22:46:28.8663997+08:00" testType="13cdc9d9-ddb5-4fa4-a97d-d965ccfc6d4b" outcome="Passed" testListId="8c84fa94-04c1-424b-9868-57a2d4851a1d" relativeResultsDirectory="a59288db-fb4c-438d-b0f3-e3470803f57b" />
    <UnitTestResult executionId="5af06921-73b8-480e-87cb-a9808e6be137" testId="2b5d7a5f-6fab-d9ee-dff7-6ff762ca0cb9" testName="ClosetApp.Tests.ImportClothesFromImagesTests.ExecuteAsync_SavesImagesAndAddsClothesInOneBatch" computerName="LAPTOP-586G3BLJ" duration="00:00:00.0295776" startTime="2026-05-29T22:46:28.8661101+08:00" endTime="2026-05-29T22:46:28.8661101+08:00" testType="13cdc9d9-ddb5-4fa4-a97d-d965ccfc6d4b" outcome="Passed" testListId="8c84fa94-04c1-424b-9868-57a2d4851a1d" relativeResultsDirectory="5af06921-73b8-480e-87cb-a9808e6be137" />
    <UnitTestResult executionId="9ef85767-9dc2-4300-9042-c96dbc7de385" testId="722a9629-8b4f-49f6-576d-106d7f4e9b99" testName="ClosetApp.Tests.OutfitRecommendationServiceTests.GetRecommendationDebugAsync_ScoreBreakdownMatchesTotal" computerName="LAPTOP-586G3BLJ" duration="00:00:00.0116675" startTime="2026-05-29T22:46:28.8674346+08:00" endTime="2026-05-29T22:46:28.8674346+08:00" testType="13cdc9d9-ddb5-4fa4-a97d-d965ccfc6d4b" outcome="Passed" testListId="8c84fa94-04c1-424b-9868-57a2d4851a1d" relativeResultsDirectory="9ef85767-9dc2-4300-9042-c96dbc7de385" />
    <UnitTestResult executionId="062b5370-9fc0-47f9-bd82-d0cfd9bef5ed" testId="6c736ed5-f8eb-b786-e1d0-24d1e0553c53" testName="ClosetApp.Tests.ClothesTabStateTests.ApplyFilter_WithType_CanFindUnspecifiedItems" computerName="LAPTOP-586G3BLJ" duration="00:00:00.0004259" startTime="2026-05-29T22:46:28.8668336+08:00" endTime="2026-05-29T22:46:28.8668336+08:00" testType="13cdc9d9-ddb5-4fa4-a97d-d965ccfc6d4b" outcome="Passed" testListId="8c84fa94-04c1-424b-9868-57a2d4851a1d" relativeResultsDirectory="062b5370-9fc0-47f9-bd82-d0cfd9bef5ed" />
    <UnitTestResult executionId="cd5df428-4dd1-4c8e-84a2-a5e7eb0ca267" testId="e625ad5a-73d0-ba24-daff-29bf7b67bb3e" testName="ClosetApp.Tests.OutfitSelectionRulesTests.SelectingDress_DoesNotClearOuterwear" computerName="LAPTOP-586G3BLJ" duration="00:00:00.0117693" startTime="2026-05-29T22:46:28.8540366+08:00" endTime="2026-05-29T22:46:28.8540367+08:00" testType="13cdc9d9-ddb5-4fa4-a97d-d965ccfc6d4b" outcome="Passed" testListId="8c84fa94-04c1-424b-9868-57a2d4851a1d" relativeResultsDirectory="cd5df428-4dd1-4c8e-84a2-a5e7eb0ca267" />
    <UnitTestResult executionId="67787bb5-fd82-4d50-b240-3d21cfa00aa8" testId="ffac2b91-82e2-d1f7-c25e-31bb2566b341" testName="ClosetApp.Tests.WeatherServiceTests.GetCurrentWeatherAsync_MapsOpenMeteoPayload" computerName="LAPTOP-586G3BLJ" duration="00:00:00.0784202" startTime="2026-05-29T22:46:28.8977058+08:00" endTime="2026-05-29T22:46:28.8977059+08:00" testType="13cdc9d9-ddb5-4fa4-a97d-d965ccfc6d4b" outcome="Passed" testListId="8c84fa94-04c1-424b-9868-57a2d4851a1d" relativeResultsDirectory="67787bb5-fd82-4d50-b240-3d21cfa00aa8" />
    <UnitTestResult executionId="ac8943bc-458d-4705-95be-9dbd614cf960" testId="5572fe5e-cc23-80bb-e0f0-9ed41acd4672" testName="ClosetApp.Tests.WeatherServiceTests.GetCurrentWeatherAsync_UsesCacheForSameCity" computerName="LAPTOP-586G3BLJ" duration="00:00:00.0007584" startTime="2026-05-29T22:46:28.8985018+08:00" endTime="2026-05-29T22:46:28.8985019+08:00" testType="13cdc9d9-ddb5-4fa4-a97d-d965ccfc6d4b" outcome="Passed" testListId="8c84fa94-04c1-424b-9868-57a2d4851a1d" relativeResultsDirectory="ac8943bc-458d-4705-95be-9dbd614cf960" />
    <UnitTestResult executionId="9a468d74-209f-443f-baf7-3d9134860b88" testId="549d330b-00b2-5680-5689-4a1ec63b4d6e" testName="ClosetApp.Tests.OutfitCompositionEngineTests.LayoutResult_FindByRegion_ReturnsMatchingItems" computerName="LAPTOP-586G3BLJ" duration="00:00:00.0191673" startTime="2026-05-29T22:46:28.8671246+08:00" endTime="2026-05-29T22:46:28.8671248+08:00" testType="13cdc9d9-ddb5-4fa4-a97d-d965ccfc6d4b" outcome="Passed" testListId="8c84fa94-04c1-424b-9868-57a2d4851a1d" relativeResultsDirectory="9a468d74-209f-443f-baf7-3d9134860b88" />
    <UnitTestResult executionId="ef2ba049-1941-4b46-94bb-de9d526a246d" testId="e7f3ce52-9309-9866-4ca4-50071390972e" testName="ClosetApp.Tests.SettingsViewModelTests.ImportBackupWithFeedbackAsync_ImportsRefreshesStatsAndLatestImport" computerName="LAPTOP-586G3BLJ" duration="00:00:00.0078160" startTime="2026-05-29T22:46:28.8930520+08:00" endTime="2026-05-29T22:46:28.8930521+08:00" testType="13cdc9d9-ddb5-4fa4-a97d-d965ccfc6d4b" outcome="Passed" testListId="8c84fa94-04c1-424b-9868-57a2d4851a1d" relativeResultsDirectory="ef2ba049-1941-4b46-94bb-de9d526a246d" />
    <UnitTestResult executionId="a609bf4b-e2a9-464d-8fb2-be8e6ba63792" testId="e4a2a2f2-0474-648c-6afc-22f132fe9d47" testName="ClosetApp.Tests.GetWardrobeInsightsTests.ExecuteAsync_CurrentStreak_CalculatesConsecutiveDays" computerName="LAPTOP-586G3BLJ" duration="00:00:00.0005934" startTime="2026-05-29T22:46:28.8798385+08:00" endTime="2026-05-29T22:46:28.8798385+08:00" testType="13cdc9d9-ddb5-4fa4-a97d-d965ccfc6d4b" outcome="Passed" testListId="8c84fa94-04c1-424b-9868-57a2d4851a1d" relativeResultsDirectory="a609bf4b-e2a9-464d-8fb2-be8e6ba63792" />
    <UnitTestResult executionId="9ad53b5f-9691-4829-a7e8-6f7d541a9793" testId="78937c21-b522-2b07-5490-a2d048222c34" testName="ClosetApp.Tests.WardrobeActionErrorPresenterTests.ForImport_WithValidationError_PreservesUserFacingMessage" computerName="LAPTOP-586G3BLJ" duration="00:00:00.0014125" startTime="2026-05-29T22:46:28.8651980+08:00" endTime="2026-05-29T22:46:28.8651981+08:00" testType="13cdc9d9-ddb5-4fa4-a97d-d965ccfc6d4b" outcome="Passed" testListId="8c84fa94-04c1-424b-9868-57a2d4851a1d" relativeResultsDirectory="9ad53b5f-9691-4829-a7e8-6f7d541a9793" />
    <UnitTestResult executionId="3f201863-566f-44f1-8f12-3439bff56412" testId="ccbe070e-9c67-8711-9859-d13b25521525" testName="ClosetApp.Tests.OutfitCompositionEngineTests.CalculateLayout_WithTopBottomOutfit_StacksTopBottomAndShoes" computerName="LAPTOP-586G3BLJ" duration="00:00:00.0011731" startTime="2026-05-29T22:46:28.8677348+08:00" endTime="2026-05-29T22:46:28.8677348+08:00" testType="13cdc9d9-ddb5-4fa4-a97d-d965ccfc6d4b" outcome="Passed" testListId="8c84fa94-04c1-424b-9868-57a2d4851a1d" relativeResultsDirectory="3f201863-566f-44f1-8f12-3439bff56412" />
    <UnitTestResult executionId="25a5a9d8-d960-4009-8fcb-3da32a61d8f7" testId="ad3c4b8a-19ac-e3f4-1bde-41402d02ac7c" testName="ClosetApp.Tests.OutfitServiceTests.AddOutfitAsync_UsesDefaultNameWhenNameIsBlank" computerName="LAPTOP-586G3BLJ" duration="00:00:00.0148833" startTime="2026-05-29T22:46:28.8540467+08:00" endTime="2026-05-29T22:46:28.8540467+08:00" testType="13cdc9d9-ddb5-4fa4-a97d-d965ccfc6d4b" outcome="Passed" testListId="8c84fa94-04c1-424b-9868-57a2d4851a1d" relativeResultsDirectory="25a5a9d8-d960-4009-8fcb-3da32a61d8f7" />
    <UnitTestResult executionId="58f0b281-1c4b-4d34-893d-54fb68fd3471" testId="b482e04b-9154-b143-eb10-c5ac9527ddcd" testName="ClosetApp.Tests.GetWardrobeInsightsTests.ExecuteAsync_EmptyOutfits_ReturnsZeroStats" computerName="LAPTOP-586G3BLJ" duration="00:00:00.0010042" startTime="2026-05-29T22:46:28.8808403+08:00" endTime="2026-05-29T22:46:28.8808403+08:00" testType="13cdc9d9-ddb5-4fa4-a97d-d965ccfc6d4b" outcome="Passed" testListId="8c84fa94-04c1-424b-9868-57a2d4851a1d" relativeResultsDirectory="58f0b281-1c4b-4d34-893d-54fb68fd3471" />
    <UnitTestResult executionId="ac21ce0a-234c-40bc-9262-c2eaba8e94e9" testId="1125f85e-023a-c847-a319-4a7df3a7a279" testName="ClosetApp.Tests.SettingsViewModelTests.SaveRecommendationPreferencesAsync_PersistsRecommendationPreferences" computerName="LAPTOP-586G3BLJ" duration="00:00:00.0062344" startTime="2026-05-29T22:46:28.8851742+08:00" endTime="2026-05-29T22:46:28.8851744+08:00" testType="13cdc9d9-ddb5-4fa4-a97d-d965ccfc6d4b" outcome="Passed" testListId="8c84fa94-04c1-424b-9868-57a2d4851a1d" relativeResultsDirectory="ac21ce0a-234c-40bc-9262-c2eaba8e94e9" />
    <UnitTestResult executionId="e258540a-433e-428a-963d-250f7dd0655c" testId="989cba79-82bd-f55b-d2da-02461f3b969b" testName="ClosetApp.Tests.ImportClothesFromImagesTests.ExecuteAsync_DeletesSavedImagesWhenRepositoryFails" computerName="LAPTOP-586G3BLJ" duration="00:00:00.0027478" startTime="2026-05-29T22:46:28.8664642+08:00" endTime="2026-05-29T22:46:28.8664643+08:00" testType="13cdc9d9-ddb5-4fa4-a97d-d965ccfc6d4b" outcome="Passed" testListId="8c84fa94-04c1-424b-9868-57a2d4851a1d" relativeResultsDirectory="e258540a-433e-428a-963d-250f7dd0655c" />
    <UnitTestResult executionId="6ef052d4-f620-48d3-8bd1-29b58cd96610" testId="4409ccb6-ffc1-4584-a59e-ea7d895f38ba" testName="ClosetApp.Tests.RecommendationReadinessSummaryTests.Build_WithNoOutfits_ReturnsStarterGuidance" computerName="LAPTOP-586G3BLJ" duration="00:00:00.0010169" startTime="2026-05-29T22:46:28.8651507+08:00" endTime="2026-05-29T22:46:28.8651507+08:00" testType="13cdc9d9-ddb5-4fa4-a97d-d965ccfc6d4b" outcome="Passed" testListId="8c84fa94-04c1-424b-9868-57a2d4851a1d" relativeResultsDirectory="6ef052d4-f620-48d3-8bd1-29b58cd96610" />
    <UnitTestResult executionId="650c06fb-4815-47a3-b3e9-c0ee9cc93a63" testId="4cbbbaaf-a687-1b02-a106-40d1cef5dc12" testName="ClosetApp.Tests.OutfitsViewModelTests.RecordRecommendedOutfitWornCommand_RecordsOutfitAndRefreshesState" computerName="LAPTOP-586G3BLJ" duration="00:00:00.0031953" startTime="2026-05-29T22:46:28.8992377+08:00" endTime="2026-05-29T22:46:28.8992378+08:00" testType="13cdc9d9-ddb5-4fa4-a97d-d965ccfc6d4b" outcome="Passed" testListId="8c84fa94-04c1-424b-9868-57a2d4851a1d" relativeResultsDirectory="650c06fb-4815-47a3-b3e9-c0ee9cc93a63" />
    <UnitTestResult executionId="cea7aa7b-b751-4123-9832-04885236f378" testId="d6a8fbbe-0e5b-8ed0-5714-8c8d641c8545" testName="ClosetApp.Tests.OutfitRecommendationServiceTests.GetRecommendationsByRuleAsync_FavoriteHighRatedOutfitGetsBoost" computerName="LAPTOP-586G3BLJ" duration="00:00:00.0011374" startTime="2026-05-29T22:46:28.8677015+08:00" endTime="2026-05-29T22:46:28.8677016+08:00" testType="13cdc9d9-ddb5-4fa4-a97d-d965ccfc6d4b" outcome="Passed" testListId="8c84fa94-04c1-424b-9868-57a2d4851a1d" relativeResultsDirectory="cea7aa7b-b751-4123-9832-04885236f378" />
    <UnitTestResult executionId="83faf189-fb8d-47e3-9843-ac86ca8b49f9" testId="a2cbefe1-d46b-16d7-642a-bdc893e86f2e" testName="ClosetApp.Tests.RecommendationReadinessSummaryTests.Build_WithOutfitsWithoutClothes_ReturnsCompletionGuidance" computerName="LAPTOP-586G3BLJ" duration="00:00:00.0006019" startTime="2026-05-29T22:46:28.8651731+08:00" endTime="2026-05-29T22:46:28.8651731+08:00" testType="13cdc9d9-ddb5-4fa4-a97d-d965ccfc6d4b" outcome="Passed" testListId="8c84fa94-04c1-424b-9868-57a2d4851a1d" relativeResultsDirectory="83faf189-fb8d-47e3-9843-ac86ca8b49f9" />
    <UnitTestResult executionId="d8932f54-6d3a-4961-8b58-1f9b9cd76003" testId="b2ae2b5a-5062-0624-ef06-513bce77d4c1" testName="ClosetApp.Tests.ImageStorageServiceTests.DeleteImageAsync_AlsoRemovesThumbnail" computerName="LAPTOP-586G3BLJ" duration="00:00:00.0287943" startTime="2026-05-29T22:46:29.2024386+08:00" endTime="2026-05-29T22:46:29.2024390+08:00" testType="13cdc9d9-ddb5-4fa4-a97d-d965ccfc6d4b" outcome="Passed" testListId="8c84fa94-04c1-424b-9868-57a2d4851a1d" relativeResultsDirectory="d8932f54-6d3a-4961-8b58-1f9b9cd76003" />
    <UnitTestResult executionId="b058e2a5-c5f0-489f-a4e3-fea2541ef5d3" testId="0d8b5c79-9f45-ab71-77ea-e808a6dee03b" testName="ClosetApp.Tests.OutfitCompositionEngineTests.CalculateLayout_OuterwearInDressMode_HasOverlayRole" computerName="LAPTOP-586G3BLJ" duration="00:00:00.0007783" startTime="2026-05-29T22:46:28.8809107+08:00" endTime="2026-05-29T22:46:28.8809108+08:00" testType="13cdc9d9-ddb5-4fa4-a97d-d965ccfc6d4b" outcome="Passed" testListId="8c84fa94-04c1-424b-9868-57a2d4851a1d" relativeResultsDirectory="b058e2a5-c5f0-489f-a4e3-fea2541ef5d3" />
    <UnitTestResult executionId="f2a07383-3edc-4353-8628-a4e56235426b" testId="97b7fe2c-0473-0157-ffb1-bcfb78356eff" testName="ClosetApp.Tests.OutfitSelectionRulesTests.SelectingPantsAndSkirt_UsesSameLowerBodySlot" computerName="LAPTOP-586G3BLJ" duration="00:00:00.0043971" startTime="2026-05-29T22:46:28.8656453+08:00" endTime="2026-05-29T22:46:28.8656453+08:00" testType="13cdc9d9-ddb5-4fa4-a97d-d965ccfc6d4b" outcome="Passed" testListId="8c84fa94-04c1-424b-9868-57a2d4851a1d" relativeResultsDirectory="f2a07383-3edc-4353-8628-a4e56235426b" />
    <UnitTestResult executionId="ac9bfdd6-d341-40c6-a615-8ff17f6585bb" testId="f3a5e2be-4a90-954b-d8fc-43eede17f238" testName="ClosetApp.Tests.ImageMaintenanceServiceTests.AnalyzeOrphanOriginalsAsync_CountsOnlyUnreferencedOriginals" computerName="LAPTOP-586G3BLJ" duration="00:00:00.0695292" startTime="2026-05-29T22:46:29.6970672+08:00" endTime="2026-05-29T22:46:29.6970674+08:00" testType="13cdc9d9-ddb5-4fa4-a97d-d965ccfc6d4b" outcome="Passed" testListId="8c84fa94-04c1-424b-9868-57a2d4851a1d" relativeResultsDirectory="ac9bfdd6-d341-40c6-a615-8ff17f6585bb" />
    <UnitTestResult executionId="89929f39-a27b-4e6a-977a-c785fa2d67d0" testId="a3a5ec07-374d-0168-b0a1-701015ecd1a7" testName="ClosetApp.Tests.OutfitsViewModelTests.EnsureCalendarLoadedAsync_LoadsCalendarAndNotifiesBindings" computerName="LAPTOP-586G3BLJ" duration="00:00:00.0056556" startTime="2026-05-29T22:46:28.8892898+08:00" endTime="2026-05-29T22:46:28.8892899+08:00" testType="13cdc9d9-ddb5-4fa4-a97d-d965ccfc6d4b" outcome="Passed" testListId="8c84fa94-04c1-424b-9868-57a2d4851a1d" relativeResultsDirectory="89929f39-a27b-4e6a-977a-c785fa2d67d0" />
    <UnitTestResult executionId="e8092b61-c8ef-41ae-be2b-8ad41b70ea8f" testId="65820e12-0cb5-9422-c8ac-6155b6281db6" testName="ClosetApp.Tests.DatabaseLifecycleTests.InitializeAsync_WithFreshDatabase_CreatesSchemaAndHistory" computerName="LAPTOP-586G3BLJ" duration="00:00:00.0392755" startTime="2026-05-29T22:46:29.6169296+08:00" endTime="2026-05-29T22:46:29.6169298+08:00" testType="13cdc9d9-ddb5-4fa4-a97d-d965ccfc6d4b" outcome="Passed" testListId="8c84fa94-04c1-424b-9868-57a2d4851a1d" relativeResultsDirectory="e8092b61-c8ef-41ae-be2b-8ad41b70ea8f" />
    <UnitTestResult executionId="4202ff50-7303-4397-8746-27258f939e9f" testId="c7480ddf-3ab0-ffb0-d22d-8ea9522e9cc0" testName="ClosetApp.Tests.BatchImportDuplicateCheckerTests.Analyze_WithDistinctFiles_ReturnsNoRisk" computerName="LAPTOP-586G3BLJ" duration="00:00:00.0411210" startTime="2026-05-29T22:46:28.8671819+08:00" endTime="2026-05-29T22:46:28.8671820+08:00" testType="13cdc9d9-ddb5-4fa4-a97d-d965ccfc6d4b" outcome="Passed" testListId="8c84fa94-04c1-424b-9868-57a2d4851a1d" relativeResultsDirectory="4202ff50-7303-4397-8746-27258f939e9f" />
    <UnitTestResult executionId="318d2400-e22d-4975-83e4-065181de6880" testId="ecf4f5e6-4edf-d3f8-77bb-642f4d5385b4" testName="ClosetApp.Tests.GetWardrobeInsightsTests.ExecuteAsync_TopWornOutfits_ReturnsTopFive" computerName="LAPTOP-586G3BLJ" duration="00:00:00.0032025" startTime="2026-05-29T22:46:28.8702526+08:00" endTime="2026-05-29T22:46:28.8702527+08:00" testType="13cdc9d9-ddb5-4fa4-a97d-d965ccfc6d4b" outcome="Passed" testListId="8c84fa94-04c1-424b-9868-57a2d4851a1d" relativeResultsDirectory="318d2400-e22d-4975-83e4-065181de6880" />
    <UnitTestResult executionId="35bd8a06-f19e-4915-b573-d48c0002d02e" testId="b211349a-d307-c3a6-e723-dfe1b6350b85" testName="ClosetApp.Tests.ClothesTabStateTests.ApplyFilter_WithQueueRecentlyImported_OnlyReturnsTrackedItems" computerName="LAPTOP-586G3BLJ" duration="00:00:00.0043361" startTime="2026-05-29T22:46:28.8652794+08:00" endTime="2026-05-29T22:46:28.8652794+08:00" testType="13cdc9d9-ddb5-4fa4-a97d-d965ccfc6d4b" outcome="Passed" testListId="8c84fa94-04c1-424b-9868-57a2d4851a1d" relativeResultsDirectory="35bd8a06-f19e-4915-b573-d48c0002d02e" />
    <UnitTestResult executionId="2b3e266d-3c74-45ad-99f8-83181a0cc737" testId="749b57f8-243e-b25f-ff78-b34f43bd8de4" testName="ClosetApp.Tests.OutfitCompositionEngineTests.CalculateLayout_DressMode_AssignsCorrectSemanticRegions" computerName="LAPTOP-586G3BLJ" duration="00:00:00.0004309" startTime="2026-05-29T22:46:28.8804346+08:00" endTime="2026-05-29T22:46:28.8804346+08:00" testType="13cdc9d9-ddb5-4fa4-a97d-d965ccfc6d4b" outcome="Passed" testListId="8c84fa94-04c1-424b-9868-57a2d4851a1d" relativeResultsDirectory="2b3e266d-3c74-45ad-99f8-83181a0cc737" />
    <UnitTestResult executionId="ed9117ee-800c-46f1-bbb8-254561702e7a" testId="a6532ab0-7b83-4240-7a3e-61987f5f03e5" testName="ClosetApp.Tests.OutfitCompositionEngineTests.CalculateLayout_WithLayeredUpperBodyAndBottom_KeepsBottomBelowUpperBody" computerName="LAPTOP-586G3BLJ" duration="00:00:00.0009485" startTime="2026-05-29T22:46:28.8679007+08:00" endTime="2026-05-29T22:46:28.8679008+08:00" testType="13cdc9d9-ddb5-4fa4-a97d-d965ccfc6d4b" outcome="Passed" testListId="8c84fa94-04c1-424b-9868-57a2d4851a1d" relativeResultsDirectory="ed9117ee-800c-46f1-bbb8-254561702e7a" />
    <UnitTestResult executionId="d8340ae2-226e-4cc5-aed2-93e6e617fb4b" testId="d3d5dfe6-d100-68e7-7880-865356848e65" testName="ClosetApp.Tests.OutfitCompositionEngineTests.CalculateLayout_WithSoloClothing_ReturnsOneCenteredItem" computerName="LAPTOP-586G3BLJ" duration="00:00:00.0002935" startTime="2026-05-29T22:46:28.8804577+08:00" endTime="2026-05-29T22:46:28.8804578+08:00" testType="13cdc9d9-ddb5-4fa4-a97d-d965ccfc6d4b" outcome="Passed" testListId="8c84fa94-04c1-424b-9868-57a2d4851a1d" relativeResultsDirectory="d8340ae2-226e-4cc5-aed2-93e6e617fb4b" />
    <UnitTestResult executionId="64d28534-510c-4c71-9443-5050f72285e9" testId="4ed8f533-a2f2-06f5-e4e6-e05e5548077f" testName="ClosetApp.Tests.OutfitCompositionEngineTests.DetermineMode_WithTopAndBottom_ReturnsTopBottom" computerName="LAPTOP-586G3BLJ" duration="00:00:00.0001604" startTime="2026-05-29T22:46:28.8671637+08:00" endTime="2026-05-29T22:46:28.8671637+08:00" testType="13cdc9d9-ddb5-4fa4-a97d-d965ccfc6d4b" outcome="Passed" testListId="8c84fa94-04c1-424b-9868-57a2d4851a1d" relativeResultsDirectory="64d28534-510c-4c71-9443-5050f72285e9" />
    <UnitTestResult executionId="27e0d8e0-839c-4c2e-97f6-06a2fc745169" testId="abc3fa00-69be-407a-6dec-e625d22090d8" testName="ClosetApp.Tests.ImageStorageServiceTests.EnsureThumbnailAsync_RebuildsMissingThumbnailFromStoredImage" computerName="LAPTOP-586G3BLJ" duration="00:00:00.0432411" startTime="2026-05-29T22:46:29.1733518+08:00" endTime="2026-05-29T22:46:29.1733521+08:00" testType="13cdc9d9-ddb5-4fa4-a97d-d965ccfc6d4b" outcome="Passed" testListId="8c84fa94-04c1-424b-9868-57a2d4851a1d" relativeResultsDirectory="27e0d8e0-839c-4c2e-97f6-06a2fc745169" />
    <UnitTestResult executionId="59526a71-cede-4a6e-887c-bb5d94d83dbb" testId="b9c1a7db-bee6-6c8f-1682-b2a852ccb4fd" testName="ClosetApp.Tests.GetWardrobeInsightsTests.ExecuteAsync_NoWornToday_StreakIsZero" computerName="LAPTOP-586G3BLJ" duration="00:00:00.0009061" startTime="2026-05-29T22:46:28.8712132+08:00" endTime="2026-05-29T22:46:28.8712133+08:00" testType="13cdc9d9-ddb5-4fa4-a97d-d965ccfc6d4b" outcome="Passed" testListId="8c84fa94-04c1-424b-9868-57a2d4851a1d" relativeResultsDirectory="59526a71-cede-4a6e-887c-bb5d94d83dbb" />
    <UnitTestResult executionId="cfb5d7dd-0e35-4663-831f-b982a732a5d5" testId="869fa52e-9eee-956f-51d8-c99093b042ad" testName="ClosetApp.Tests.ImageMaintenanceServiceTests.RelinkMissingImagesAsync_ReplacesBrokenImagePathWhenMatchingFileExists" computerName="LAPTOP-586G3BLJ" duration="00:00:00.0459230" startTime="2026-05-29T22:46:29.6272036+08:00" endTime="2026-05-29T22:46:29.6272038+08:00" testType="13cdc9d9-ddb5-4fa4-a97d-d965ccfc6d4b" outcome="Passed" testListId="8c84fa94-04c1-424b-9868-57a2d4851a1d" relativeResultsDirectory="cfb5d7dd-0e35-4663-831f-b982a732a5d5" />
    <UnitTestResult executionId="907db782-77b6-4bd3-b3c4-48c952d5b1dd" testId="76052876-1097-59e0-bffb-2a3606b59200" testName="ClosetApp.Tests.OutfitsViewModelTests.RefreshWeatherRecommendationsAsync_WithBalancedStrategy_KeepsRecommendationOrder" computerName="LAPTOP-586G3BLJ" duration="00:00:00.0009610" startTime="2026-05-29T22:46:28.9002278+08:00" endTime="2026-05-29T22:46:28.9002280+08:00" testType="13cdc9d9-ddb5-4fa4-a97d-d965ccfc6d4b" outcome="Passed" testListId="8c84fa94-04c1-424b-9868-57a2d4851a1d" relativeResultsDirectory="907db782-77b6-4bd3-b3c4-48c952d5b1dd" />
    <UnitTestResult executionId="cf09ae72-8ada-4bd7-9810-4633d4f44be9" testId="a3b68857-f062-df74-706d-abe9d26b7ecb" testName="ClosetApp.Tests.CompleteClothingMetadataBatchTests.ExecuteAsync_WithoutRequestedChanges_Throws" computerName="LAPTOP-586G3BLJ" duration="00:00:00.0020187" startTime="2026-05-29T22:46:28.8670326+08:00" endTime="2026-05-29T22:46:28.8670327+08:00" testType="13cdc9d9-ddb5-4fa4-a97d-d965ccfc6d4b" outcome="Passed" testListId="8c84fa94-04c1-424b-9868-57a2d4851a1d" relativeResultsDirectory="cf09ae72-8ada-4bd7-9810-4633d4f44be9" />
    <UnitTestResult executionId="b694f1c5-7369-4b94-9655-8c2424765c11" testId="1ff735b6-9aaa-c0ea-bf2d-f60ddc21a76b" testName="ClosetApp.Tests.OutfitsViewModelTests.RefreshWeatherRecommendationsAsync_UsesPreferredScene" computerName="LAPTOP-586G3BLJ" duration="00:00:00.0003994" startTime="2026-05-29T22:46:28.9041237+08:00" endTime="2026-05-29T22:46:28.9041238+08:00" testType="13cdc9d9-ddb5-4fa4-a97d-d965ccfc6d4b" outcome="Passed" testListId="8c84fa94-04c1-424b-9868-57a2d4851a1d" relativeResultsDirectory="b694f1c5-7369-4b94-9655-8c2424765c11" />
    <UnitTestResult executionId="91a246be-212c-428c-b8a2-d4eeac96f6a0" testId="a7473061-11af-0ee5-c52b-75bc31a92d39" testName="ClosetApp.Tests.WeatherPreferencesServiceTests.SaveAsync_ThenGetAsync_PersistsDefaultCity" computerName="LAPTOP-586G3BLJ" duration="00:00:00.0357101" startTime="2026-05-29T22:46:28.8920500+08:00" endTime="2026-05-29T22:46:28.8920501+08:00" testType="13cdc9d9-ddb5-4fa4-a97d-d965ccfc6d4b" outcome="Passed" testListId="8c84fa94-04c1-424b-9868-57a2d4851a1d" relativeResultsDirectory="91a246be-212c-428c-b8a2-d4eeac96f6a0" />
    <UnitTestResult executionId="99576237-e87a-453d-8192-3695fbf65716" testId="9ebe4daf-f2e3-6694-70fa-44376de2cb56" testName="ClosetApp.Tests.OutfitsTabStateTests.ApplyFilter_WithSearchSceneAndFavorite_ReturnsOnlyMatchingOutfits" computerName="LAPTOP-586G3BLJ" duration="00:00:00.0002459" startTime="2026-05-29T22:46:28.8652179+08:00" endTime="2026-05-29T22:46:28.8652180+08:00" testType="13cdc9d9-ddb5-4fa4-a97d-d965ccfc6d4b" outcome="Passed" testListId="8c84fa94-04c1-424b-9868-57a2d4851a1d" relativeResultsDirectory="99576237-e87a-453d-8192-3695fbf65716" />
    <UnitTestResult executionId="9eaefe1e-f2ee-4b0c-b874-fb09f9388824" testId="f20f24a3-6886-c5db-3937-e8d233a78778" testName="ClosetApp.Tests.OutfitCompositionEngineTests.DetermineMode_WithDress_ReturnsDress" computerName="LAPTOP-586G3BLJ" duration="00:00:00.0001548" startTime="2026-05-29T22:46:28.8804819+08:00" endTime="2026-05-29T22:46:28.8804819+08:00" testType="13cdc9d9-ddb5-4fa4-a97d-d965ccfc6d4b" outcome="Passed" testListId="8c84fa94-04c1-424b-9868-57a2d4851a1d" relativeResultsDirectory="9eaefe1e-f2ee-4b0c-b874-fb09f9388824" />
    <UnitTestResult executionId="3a5a841f-61d2-4494-ae6e-9b1b9580048b" testId="f4358839-d93f-ea83-99ee-f2de56324efd" testName="ClosetApp.Tests.GetWardrobeInsightsTests.ExecuteAsync_IdleOutfits_FiltersByThreshold" computerName="LAPTOP-586G3BLJ" duration="00:00:00.0017081" startTime="2026-05-29T22:46:28.8804087+08:00" endTime="2026-05-29T22:46:28.8804088+08:00" testType="13cdc9d9-ddb5-4fa4-a97d-d965ccfc6d4b" outcome="Passed" testListId="8c84fa94-04c1-424b-9868-57a2d4851a1d" relativeResultsDirectory="3a5a841f-61d2-4494-ae6e-9b1b9580048b" />
    <UnitTestResult executionId="0f322730-720c-45e4-a4ef-4b2f9488e14b" testId="42b88189-a7de-8e02-4a63-a03fe635f0b2" testName="ClosetApp.Tests.DatabaseLifecycleTests.InitializeAsync_WithEnsureCreatedDatabase_BaselinesMigrationHistory" computerName="LAPTOP-586G3BLJ" duration="00:00:00.7582759" startTime="2026-05-29T22:46:29.5775738+08:00" endTime="2026-05-29T22:46:29.5775740+08:00" testType="13cdc9d9-ddb5-4fa4-a97d-d965ccfc6d4b" outcome="Passed" testListId="8c84fa94-04c1-424b-9868-57a2d4851a1d" relativeResultsDirectory="0f322730-720c-45e4-a4ef-4b2f9488e14b" />
    <UnitTestResult executionId="1ba42914-2108-4c87-bbbb-a204114fa8de" testId="79ac352c-399f-6831-df4c-727c02ecbee9" testName="ClosetApp.Tests.WardrobeActionErrorPresenterTests.ForSingleDelete_WithGenericError_UsesClothingName" computerName="LAPTOP-586G3BLJ" duration="00:00:00.0131463" startTime="2026-05-29T22:46:28.8540499+08:00" endTime="2026-05-29T22:46:28.8540499+08:00" testType="13cdc9d9-ddb5-4fa4-a97d-d965ccfc6d4b" outcome="Passed" testListId="8c84fa94-04c1-424b-9868-57a2d4851a1d" relativeResultsDirectory="1ba42914-2108-4c87-bbbb-a204114fa8de" />
    <UnitTestResult executionId="d28c4928-3369-46aa-88b3-69b04b658101" testId="2626cbc0-9b2a-4fbd-d506-c6417da456cf" testName="ClosetApp.Tests.BatchClothingImportSummaryBuilderTests.Build_CollectsUnnamedAndMissingMetadataItems" computerName="LAPTOP-586G3BLJ" duration="00:00:00.0162602" startTime="2026-05-29T22:46:28.8444404+08:00" endTime="2026-05-29T22:46:28.8454729+08:00" testType="13cdc9d9-ddb5-4fa4-a97d-d965ccfc6d4b" outcome="Passed" testListId="8c84fa94-04c1-424b-9868-57a2d4851a1d" relativeResultsDirectory="d28c4928-3369-46aa-88b3-69b04b658101" />
    <UnitTestResult executionId="693c4e45-3d1b-4d93-ba11-2e6c8ed50254" testId="e2f3949b-2843-cace-3f1a-4eb030fc328b" testName="ClosetApp.Tests.TabStateTests.TagsTabState_SetTags_ComputesCategorySummaryAndSortsTags" computerName="LAPTOP-586G3BLJ" duration="00:00:00.0024660" startTime="2026-05-29T22:46:28.8793642+08:00" endTime="2026-05-29T22:46:28.8793644+08:00" testType="13cdc9d9-ddb5-4fa4-a97d-d965ccfc6d4b" outcome="Failed" testListId="8c84fa94-04c1-424b-9868-57a2d4851a1d" relativeResultsDirectory="693c4e45-3d1b-4d93-ba11-2e6c8ed50254">
      <Output>
        <ErrorInfo>
          <Message>Assert.Equal() Failure: Strings differ&#xD;
           ↓ (pos 0)&#xD;
Expected: "风格 2 · 场景 1"&#xD;
Actual:   "2"&#xD;
           ↑ (pos 0)</Message>
          <StackTrace>   at ClosetApp.Tests.TabStateTests.TagsTabState_SetTags_ComputesCategorySummaryAndSortsTags() in D:\03_Projects\Personal\GirlfriendClosetApp\ClosetApp.Tests\TabStateTests.cs:line 90&#xD;
   at System.Reflection.MethodBaseInvoker.InterpretedInvoke_Method(Object obj, IntPtr* args)&#xD;
   at System.Reflection.MethodBaseInvoker.InvokeWithNoArgs(Object obj, BindingFlags invokeAttr)</StackTrace>
        </ErrorInfo>
      </Output>
    </UnitTestResult>
    <UnitTestResult executionId="7a4970a2-2bd4-4530-a645-83a9320f756c" testId="3473c01a-7533-f54f-4587-d239d9e29cf5" testName="ClosetApp.Tests.ClothesTabStateTests.ApplyFilter_WithSeasonFavoriteQueueAndSorting_KeepsSummaryAndOrderStable" computerName="LAPTOP-586G3BLJ" duration="00:00:00.0010855" startTime="2026-05-29T22:46:28.8670885+08:00" endTime="2026-05-29T22:46:28.8670885+08:00" testType="13cdc9d9-ddb5-4fa4-a97d-d965ccfc6d4b" outcome="Passed" testListId="8c84fa94-04c1-424b-9868-57a2d4851a1d" relativeResultsDirectory="7a4970a2-2bd4-4530-a645-83a9320f756c" />
    <UnitTestResult executionId="bedc5013-d315-471d-bec4-ca15b26cac19" testId="ab06df7e-13da-95b4-a428-867d3454578c" testName="ClosetApp.Tests.OutfitCompositionEngineTests.CalculateLayout_WithMixedOutfit_UsesMixedLayoutInsteadOfSoloOnly" computerName="LAPTOP-586G3BLJ" duration="00:00:00.0009401" startTime="2026-05-29T22:46:28.8798759+08:00" endTime="2026-05-29T22:46:28.8798760+08:00" testType="13cdc9d9-ddb5-4fa4-a97d-d965ccfc6d4b" outcome="Passed" testListId="8c84fa94-04c1-424b-9868-57a2d4851a1d" relativeResultsDirectory="bedc5013-d315-471d-bec4-ca15b26cac19" />
    <UnitTestResult executionId="af4a4e23-c86f-4e0a-b09f-8ad841320bb9" testId="812f7ba1-e020-27e8-52f3-08dbb75f1c21" testName="ClosetApp.Tests.OutfitRecommendationServiceTests.GetRecommendationsByRuleAsync_RecentlyWornOutfitDropsInRank" computerName="LAPTOP-586G3BLJ" duration="00:00:00.0007637" startTime="2026-05-29T22:46:28.8701130+08:00" endTime="2026-05-29T22:46:28.8701131+08:00" testType="13cdc9d9-ddb5-4fa4-a97d-d965ccfc6d4b" outcome="Passed" testListId="8c84fa94-04c1-424b-9868-57a2d4851a1d" relativeResultsDirectory="af4a4e23-c86f-4e0a-b09f-8ad841320bb9" />
    <UnitTestResult executionId="dab96747-de40-4666-aafe-31ea7cdd92e1" testId="d366359a-2bda-cdef-a1b6-1da97ae07661" testName="ClosetApp.Tests.OutfitsViewModelTests.RefreshWeatherRecommendationsWithFeedbackCommand_UsesWeatherAndKeepsTopThreeRecommendations" computerName="LAPTOP-586G3BLJ" duration="00:00:00.0043913" startTime="2026-05-29T22:46:28.8835507+08:00" endTime="2026-05-29T22:46:28.8835509+08:00" testType="13cdc9d9-ddb5-4fa4-a97d-d965ccfc6d4b" outcome="Passed" testListId="8c84fa94-04c1-424b-9868-57a2d4851a1d" relativeResultsDirectory="dab96747-de40-4666-aafe-31ea7cdd92e1" />
    <UnitTestResult executionId="cd47e4c3-2eb5-4c42-a137-103499c7c973" testId="e374098f-c6f4-0d20-d072-102322b64a27" testName="ClosetApp.Tests.SettingsViewModelTests.RefreshBackupStateAsync_UpdatesValidationHistoryAndLatestImport" computerName="LAPTOP-586G3BLJ" duration="00:00:00.0012080" startTime="2026-05-29T22:46:28.8990482+08:00" endTime="2026-05-29T22:46:28.8990483+08:00" testType="13cdc9d9-ddb5-4fa4-a97d-d965ccfc6d4b" outcome="Passed" testListId="8c84fa94-04c1-424b-9868-57a2d4851a1d" relativeResultsDirectory="cd47e4c3-2eb5-4c42-a137-103499c7c973" />
    <UnitTestResult executionId="052f26fe-0069-49a9-b81e-e319bd9d464d" testId="c6e155a2-2367-c00a-f08d-8d5fb8e7c4b5" testName="ClosetApp.Tests.OutfitRecommendationServiceTests.GetRecommendationDebugAsync_ReturnsDebugInfoForBestOutfit" computerName="LAPTOP-586G3BLJ" duration="00:00:00.0015790" startTime="2026-05-29T22:46:28.8728653+08:00" endTime="2026-05-29T22:46:28.8728654+08:00" testType="13cdc9d9-ddb5-4fa4-a97d-d965ccfc6d4b" outcome="Passed" testListId="8c84fa94-04c1-424b-9868-57a2d4851a1d" relativeResultsDirectory="052f26fe-0069-49a9-b81e-e319bd9d464d" />
    <UnitTestResult executionId="722d047d-1415-4a51-9d77-c234887ab654" testId="32bf3b5f-af85-97ab-d96e-361d3c479dc0" testName="ClosetApp.Tests.SettingsViewModelTests.ClearBackupHistoryWithFeedbackAsync_ClearsHistoryAndRefreshesEmptyState" computerName="LAPTOP-586G3BLJ" duration="00:00:00.0018090" startTime="2026-05-29T22:46:28.8949207+08:00" endTime="2026-05-29T22:46:28.8949208+08:00" testType="13cdc9d9-ddb5-4fa4-a97d-d965ccfc6d4b" outcome="Passed" testListId="8c84fa94-04c1-424b-9868-57a2d4851a1d" relativeResultsDirectory="722d047d-1415-4a51-9d77-c234887ab654" />
    <UnitTestResult executionId="650d7a40-e06c-44ac-99a8-780c6ba7cb30" testId="5465384a-bc35-9179-05c2-6c3e2f2b099d" testName="ClosetApp.Tests.ClothesTabStateTests.ApplyFilter_WithSingleType_KeepsOnlyThatClothingType" computerName="LAPTOP-586G3BLJ" duration="00:00:00.0036643" startTime="2026-05-29T22:46:28.8667764+08:00" endTime="2026-05-29T22:46:28.8667764+08:00" testType="13cdc9d9-ddb5-4fa4-a97d-d965ccfc6d4b" outcome="Passed" testListId="8c84fa94-04c1-424b-9868-57a2d4851a1d" relativeResultsDirectory="650d7a40-e06c-44ac-99a8-780c6ba7cb30" />
    <UnitTestResult executionId="7d57f301-0af8-4cb5-8426-a83b31b35209" testId="cccc69ff-9188-521e-0e56-e8f614ad3320" testName="ClosetApp.Tests.TagsTabStateTests.SetSortBy_LeastUsed_PrefersUnusedTagsInsideCategory" computerName="LAPTOP-586G3BLJ" duration="00:00:00.0050814" startTime="2026-05-29T22:46:28.8667540+08:00" endTime="2026-05-29T22:46:28.8667541+08:00" testType="13cdc9d9-ddb5-4fa4-a97d-d965ccfc6d4b" outcome="Passed" testListId="8c84fa94-04c1-424b-9868-57a2d4851a1d" relativeResultsDirectory="7d57f301-0af8-4cb5-8426-a83b31b35209" />
    <UnitTestResult executionId="fd6249bd-b17c-4b63-8852-60dad506a835" testId="c891b748-19ed-db6a-5ed3-a4c35413d292" testName="ClosetApp.Tests.BackupServiceTests.ValidateExportAsync_WithJsonAndImages_ReturnsImageWarning" computerName="LAPTOP-586G3BLJ" duration="00:00:00.7586743" startTime="2026-05-29T22:46:29.6062598+08:00" endTime="2026-05-29T22:46:29.6062601+08:00" testType="13cdc9d9-ddb5-4fa4-a97d-d965ccfc6d4b" outcome="Passed" testListId="8c84fa94-04c1-424b-9868-57a2d4851a1d" relativeResultsDirectory="fd6249bd-b17c-4b63-8852-60dad506a835" />
    <UnitTestResult executionId="81f93a66-b9d1-46b5-945d-9a92086e1f21" testId="d74e9913-607e-fb35-d9e1-d13fe95626c3" testName="ClosetApp.Tests.OutfitCompositionEngineTests.DetermineMode_WithTopOnly_ReturnsMixed" computerName="LAPTOP-586G3BLJ" duration="00:00:00.0126627" startTime="2026-05-29T22:46:28.8614640+08:00" endTime="2026-05-29T22:46:28.8614641+08:00" testType="13cdc9d9-ddb5-4fa4-a97d-d965ccfc6d4b" outcome="Passed" testListId="8c84fa94-04c1-424b-9868-57a2d4851a1d" relativeResultsDirectory="81f93a66-b9d1-46b5-945d-9a92086e1f21" />
    <UnitTestResult executionId="a124de4e-6be8-43d4-85a7-d322382966c2" testId="d6be90e7-d6ea-fc72-14f0-c18d8a8b9adc" testName="ClosetApp.Tests.BatchClothingImportSummaryBuilderTests.Build_WithCompleteItems_HasNoFollowUp" computerName="LAPTOP-586G3BLJ" duration="00:00:00.0046582" startTime="2026-05-29T22:46:28.8656297+08:00" endTime="2026-05-29T22:46:28.8656297+08:00" testType="13cdc9d9-ddb5-4fa4-a97d-d965ccfc6d4b" outcome="Passed" testListId="8c84fa94-04c1-424b-9868-57a2d4851a1d" relativeResultsDirectory="a124de4e-6be8-43d4-85a7-d322382966c2" />
    <UnitTestResult executionId="1defd910-a049-4d50-ab0b-058d102e2724" testId="b1da83c0-5f85-bcce-c986-fcf3f7317411" testName="ClosetApp.Tests.OutfitRecommendationServiceTests.GetRecommendationsByRuleAsync_HotWeather_PrefersSummerOutfit" computerName="LAPTOP-586G3BLJ" duration="00:00:00.0029044" startTime="2026-05-29T22:46:28.8663768+08:00" endTime="2026-05-29T22:46:28.8663768+08:00" testType="13cdc9d9-ddb5-4fa4-a97d-d965ccfc6d4b" outcome="Passed" testListId="8c84fa94-04c1-424b-9868-57a2d4851a1d" relativeResultsDirectory="1defd910-a049-4d50-ab0b-058d102e2724" />
    <UnitTestResult executionId="233964a8-9f5e-4d6b-b48e-0b5eeca039b6" testId="f53c9844-9a88-f6f6-1a75-dde66040fa20" testName="ClosetApp.Tests.SettingsViewModelTests.ExportBackupWithFeedbackAsync_ExportsAndRefreshesBackupHistory" computerName="LAPTOP-586G3BLJ" duration="00:00:00.0596498" startTime="2026-05-29T22:46:28.8805285+08:00" endTime="2026-05-29T22:46:28.8805285+08:00" testType="13cdc9d9-ddb5-4fa4-a97d-d965ccfc6d4b" outcome="Passed" testListId="8c84fa94-04c1-424b-9868-57a2d4851a1d" relativeResultsDirectory="233964a8-9f5e-4d6b-b48e-0b5eeca039b6" />
    <UnitTestResult executionId="44121b14-7c36-4ea7-84a3-b2c41ecb021d" testId="c709d6f1-b216-68be-5de3-b33151c85031" testName="ClosetApp.Tests.OutfitCompositionEngineTests.LayoutResult_FindPrimary_ReturnsPrimaryItem" computerName="LAPTOP-586G3BLJ" duration="00:00:00.0006370" startTime="2026-05-29T22:46:28.8803645+08:00" endTime="2026-05-29T22:46:28.8803645+08:00" testType="13cdc9d9-ddb5-4fa4-a97d-d965ccfc6d4b" outcome="Passed" testListId="8c84fa94-04c1-424b-9868-57a2d4851a1d" relativeResultsDirectory="44121b14-7c36-4ea7-84a3-b2c41ecb021d" />
    <UnitTestResult executionId="a362b5a5-343a-4a47-a035-29b5d8dd1790" testId="69dcf9fd-3c93-58af-ca95-a785f5623411" testName="ClosetApp.Tests.ImageStorageServiceTests.DeleteImageWithThumbnailAsync_RemovesStoredFiles" computerName="LAPTOP-586G3BLJ" duration="00:00:00.2079277" startTime="2026-05-29T22:46:29.0273962+08:00" endTime="2026-05-29T22:46:29.0273965+08:00" testType="13cdc9d9-ddb5-4fa4-a97d-d965ccfc6d4b" outcome="Passed" testListId="8c84fa94-04c1-424b-9868-57a2d4851a1d" relativeResultsDirectory="a362b5a5-343a-4a47-a035-29b5d8dd1790" />
    <UnitTestResult executionId="f4a9a0c5-be13-4753-bdc6-d4ed15c7036a" testId="7a307b43-6cbd-4f16-00ba-a35851bd8a8c" testName="ClosetApp.Tests.TagsTabStateTests.SetTags_DefaultSort_KeepsCategoryGroupingAndAlphabeticalOrder" computerName="LAPTOP-586G3BLJ" duration="00:00:00.0004577" startTime="2026-05-29T22:46:28.9075053+08:00" endTime="2026-05-29T22:46:28.9075054+08:00" testType="13cdc9d9-ddb5-4fa4-a97d-d965ccfc6d4b" outcome="Passed" testListId="8c84fa94-04c1-424b-9868-57a2d4851a1d" relativeResultsDirectory="f4a9a0c5-be13-4753-bdc6-d4ed15c7036a" />
    <UnitTestResult executionId="522124a5-0bb2-4cfd-9bc3-c3dc9f7e3016" testId="9cce1390-1b1f-d941-016d-49f855f7a1af" testName="ClosetApp.Tests.BackupServiceTests.BackupValidationResult_WithEmptyCounts_ReportsEmptyBackupReadiness" computerName="LAPTOP-586G3BLJ" duration="00:00:00.0001776" startTime="2026-05-29T22:46:29.7861405+08:00" endTime="2026-05-29T22:46:29.7861406+08:00" testType="13cdc9d9-ddb5-4fa4-a97d-d965ccfc6d4b" outcome="Passed" testListId="8c84fa94-04c1-424b-9868-57a2d4851a1d" relativeResultsDirectory="522124a5-0bb2-4cfd-9bc3-c3dc9f7e3016" />
    <UnitTestResult executionId="735ac416-ba09-483a-a740-6cbb45bed453" testId="8c8a1f1f-8d61-0ab0-5dae-eb34c70b7220" testName="ClosetApp.Tests.OutfitCompositionEngineTests.CalculateLayout_WithEmptyClothes_ReturnsEmptyLayout" computerName="LAPTOP-586G3BLJ" duration="00:00:00.0003296" startTime="2026-05-29T22:46:28.8677498+08:00" endTime="2026-05-29T22:46:28.8677499+08:00" testType="13cdc9d9-ddb5-4fa4-a97d-d965ccfc6d4b" outcome="Passed" testListId="8c84fa94-04c1-424b-9868-57a2d4851a1d" relativeResultsDirectory="735ac416-ba09-483a-a740-6cbb45bed453" />
    <UnitTestResult executionId="7c285eea-cb19-40ec-82a4-9650b2b0f60b" testId="9fe6f6b8-fee4-f95f-471a-d43014fda9d6" testName="ClosetApp.Tests.OutfitRecommendationServiceTests.GetRecommendationsByRuleAsync_LearnsScenePreferenceFromWearHistory" computerName="LAPTOP-586G3BLJ" duration="00:00:00.0011546" startTime="2026-05-29T22:46:28.8677767+08:00" endTime="2026-05-29T22:46:28.8677767+08:00" testType="13cdc9d9-ddb5-4fa4-a97d-d965ccfc6d4b" outcome="Passed" testListId="8c84fa94-04c1-424b-9868-57a2d4851a1d" relativeResultsDirectory="7c285eea-cb19-40ec-82a4-9650b2b0f60b" />
    <UnitTestResult executionId="d5558bb9-8cc0-41f5-8ff8-71acb3db3a88" testId="fd148e98-74fb-aa9f-8122-9667721e14e0" testName="ClosetApp.Tests.TabStateTests.OutfitsTabState_SetRecentWornRecords_UpdatesHistorySummary" computerName="LAPTOP-586G3BLJ" duration="00:00:00.0092649" startTime="2026-05-29T22:46:28.8661325+08:00" endTime="2026-05-29T22:46:28.8661325+08:00" testType="13cdc9d9-ddb5-4fa4-a97d-d965ccfc6d4b" outcome="Passed" testListId="8c84fa94-04c1-424b-9868-57a2d4851a1d" relativeResultsDirectory="d5558bb9-8cc0-41f5-8ff8-71acb3db3a88" />
    <UnitTestResult executionId="05a5ee8e-9de3-477a-bf45-485318bf5d38" testId="3bb29ad4-6f39-2a14-0efd-bbaf735a81c3" testName="ClosetApp.Tests.ClearWardrobeByTypesTests.ExecuteAsync_WithoutTypes_Throws" computerName="LAPTOP-586G3BLJ" duration="00:00:00.0164918" startTime="2026-05-29T22:46:28.8540555+08:00" endTime="2026-05-29T22:46:28.8540556+08:00" testType="13cdc9d9-ddb5-4fa4-a97d-d965ccfc6d4b" outcome="Passed" testListId="8c84fa94-04c1-424b-9868-57a2d4851a1d" relativeResultsDirectory="05a5ee8e-9de3-477a-bf45-485318bf5d38" />
    <UnitTestResult executionId="9fe2fdcd-9df6-46b9-9e35-df4933f70d45" testId="7e7ec1fc-427d-5b7c-b7e2-399582448b2f" testName="ClosetApp.Tests.ImageMaintenanceServiceTests.RebuildMissingThumbnailsAsync_RebuildsMissingThumbnailsAndReturnsSummary" computerName="LAPTOP-586G3BLJ" duration="00:00:00.0616736" startTime="2026-05-29T22:46:29.8155125+08:00" endTime="2026-05-29T22:46:29.8155126+08:00" testType="13cdc9d9-ddb5-4fa4-a97d-d965ccfc6d4b" outcome="Passed" testListId="8c84fa94-04c1-424b-9868-57a2d4851a1d" relativeResultsDirectory="9fe2fdcd-9df6-46b9-9e35-df4933f70d45" />
    <UnitTestResult executionId="5850a752-b402-41aa-a8cc-aca4fc484e2a" testId="e4cfa41b-5387-dd56-05e9-4607a9c73cde" testName="ClosetApp.Tests.BackupServiceTests.ClearHistoryAsync_RemovesSavedHistory" computerName="LAPTOP-586G3BLJ" duration="00:00:00.0673581" startTime="2026-05-29T22:46:29.6739328+08:00" endTime="2026-05-29T22:46:29.6739329+08:00" testType="13cdc9d9-ddb5-4fa4-a97d-d965ccfc6d4b" outcome="Passed" testListId="8c84fa94-04c1-424b-9868-57a2d4851a1d" relativeResultsDirectory="5850a752-b402-41aa-a8cc-aca4fc484e2a" />
    <UnitTestResult executionId="f5773df0-0fc2-487c-8e31-02c1ca44070f" testId="fb660201-b7fd-49cf-0ded-db1768671619" testName="ClosetApp.Tests.GetWardrobeInsightsTests.ExecuteAsync_ActiveDays_CountsDistinctDates" computerName="LAPTOP-586G3BLJ" duration="00:00:00.0461352" startTime="2026-05-29T22:46:28.8675223+08:00" endTime="2026-05-29T22:46:28.8675224+08:00" testType="13cdc9d9-ddb5-4fa4-a97d-d965ccfc6d4b" outcome="Passed" testListId="8c84fa94-04c1-424b-9868-57a2d4851a1d" relativeResultsDirectory="f5773df0-0fc2-487c-8e31-02c1ca44070f" />
    <UnitTestResult executionId="fa3062b6-bb52-4230-9ad2-4fe18d805b48" testId="abb91c9b-6a13-42f7-2040-7ebee56288d5" testName="ClosetApp.Tests.ImageStorageServiceTests.SaveImageAsync_CreatesDisplayAndThumbnailWithExpectedSizes" computerName="LAPTOP-586G3BLJ" duration="00:00:00.0321337" startTime="2026-05-29T22:46:29.2559691+08:00" endTime="2026-05-29T22:46:29.2559694+08:00" testType="13cdc9d9-ddb5-4fa4-a97d-d965ccfc6d4b" outcome="Passed" testListId="8c84fa94-04c1-424b-9868-57a2d4851a1d" relativeResultsDirectory="fa3062b6-bb52-4230-9ad2-4fe18d805b48" />
    <UnitTestResult executionId="3ab2d690-5d15-4495-88ad-0c44df96c67e" testId="7e362adb-d419-8ea0-32c6-84dac5f4b476" testName="ClosetApp.Tests.OutfitsTabStateTests.ApplyFilter_WithSeason_IncludesAllSeasonOutfits" computerName="LAPTOP-586G3BLJ" duration="00:00:00.0013744" startTime="2026-05-29T22:46:28.8657340+08:00" endTime="2026-05-29T22:46:28.8657340+08:00" testType="13cdc9d9-ddb5-4fa4-a97d-d965ccfc6d4b" outcome="Passed" testListId="8c84fa94-04c1-424b-9868-57a2d4851a1d" relativeResultsDirectory="3ab2d690-5d15-4495-88ad-0c44df96c67e" />
    <UnitTestResult executionId="9139e963-cb9c-4b95-ac7b-2c8f155b2aa7" testId="b872a58d-979b-ae9a-fa05-ffc75d26d753" testName="ClosetApp.Tests.ImageMaintenanceServiceTests.CleanupOrphanOriginalsAsync_RemovesOriginalAndDerivedAssets" computerName="LAPTOP-586G3BLJ" duration="00:00:00.7615539" startTime="2026-05-29T22:46:29.5810000+08:00" endTime="2026-05-29T22:46:29.5810003+08:00" testType="13cdc9d9-ddb5-4fa4-a97d-d965ccfc6d4b" outcome="Passed" testListId="8c84fa94-04c1-424b-9868-57a2d4851a1d" relativeResultsDirectory="9139e963-cb9c-4b95-ac7b-2c8f155b2aa7" />
    <UnitTestResult executionId="44a05d7d-f738-4cff-80c4-0c20dd24007e" testId="b9e26f92-c6da-9045-624d-dafe33661b99" testName="ClosetApp.Tests.OutfitsTabStateTests.SetOutfits_WithoutFilters_KeepsAllOutfitsVisible" computerName="LAPTOP-586G3BLJ" duration="00:00:00.0021361" startTime="2026-05-29T22:46:28.8651844+08:00" endTime="2026-05-29T22:46:28.8651845+08:00" testType="13cdc9d9-ddb5-4fa4-a97d-d965ccfc6d4b" outcome="Passed" testListId="8c84fa94-04c1-424b-9868-57a2d4851a1d" relativeResultsDirectory="44a05d7d-f738-4cff-80c4-0c20dd24007e" />
    <UnitTestResult executionId="fc66d54c-f52d-4bc7-8723-d896e380ce1c" testId="699e66cb-adca-3691-83d9-a5481efede4d" testName="ClosetApp.Tests.OutfitSelectionRulesTests.SelectingAccessory_DoesNotClearAnotherAccessory" computerName="LAPTOP-586G3BLJ" duration="00:00:00.0004469" startTime="2026-05-29T22:46:28.8649517+08:00" endTime="2026-05-29T22:46:28.8649517+08:00" testType="13cdc9d9-ddb5-4fa4-a97d-d965ccfc6d4b" outcome="Passed" testListId="8c84fa94-04c1-424b-9868-57a2d4851a1d" relativeResultsDirectory="fc66d54c-f52d-4bc7-8723-d896e380ce1c" />
    <UnitTestResult executionId="7af8c952-2988-4c59-8172-d149078100ac" testId="9dd80b02-dcbc-e2aa-16fa-a89ea13d871e" testName="ClosetApp.Tests.OutfitCompositionEngineTests.DetermineMode_WithEmptyClothes_ReturnsSolo" computerName="LAPTOP-586G3BLJ" duration="00:00:00.0002332" startTime="2026-05-29T22:46:28.8798938+08:00" endTime="2026-05-29T22:46:28.8798939+08:00" testType="13cdc9d9-ddb5-4fa4-a97d-d965ccfc6d4b" outcome="Passed" testListId="8c84fa94-04c1-424b-9868-57a2d4851a1d" relativeResultsDirectory="7af8c952-2988-4c59-8172-d149078100ac" />
    <UnitTestResult executionId="23a606ed-dba1-4c9c-b687-e449765a7b48" testId="b010b306-03b9-13d9-44b2-cf507a652cf4" testName="ClosetApp.Tests.BatchClothingImportBuilderTests.CreateClothing_WithBlankOptions_KeepsFieldsReadyForManualEditing" computerName="LAPTOP-586G3BLJ" duration="00:00:00.0184502" startTime="2026-05-29T22:46:28.8615021+08:00" endTime="2026-05-29T22:46:28.8615022+08:00" testType="13cdc9d9-ddb5-4fa4-a97d-d965ccfc6d4b" outcome="Passed" testListId="8c84fa94-04c1-424b-9868-57a2d4851a1d" relativeResultsDirectory="23a606ed-dba1-4c9c-b687-e449765a7b48" />
    <UnitTestResult executionId="3d4f58df-8c49-403b-8715-859de2453f00" testId="d6cea89f-e84b-996d-40e6-cb22fc57ad6b" testName="ClosetApp.Tests.OutfitsViewModelTests.ClearFiltersCommand_ResetsBoundFilters" computerName="LAPTOP-586G3BLJ" duration="00:00:00.0015762" startTime="2026-05-29T22:46:28.9036824+08:00" endTime="2026-05-29T22:46:28.9036825+08:00" testType="13cdc9d9-ddb5-4fa4-a97d-d965ccfc6d4b" outcome="Passed" testListId="8c84fa94-04c1-424b-9868-57a2d4851a1d" relativeResultsDirectory="3d4f58df-8c49-403b-8715-859de2453f00" />
    <UnitTestResult executionId="603d4913-8c9f-4b05-91f6-654684b59678" testId="a1b52915-57c9-3ff6-0668-dabf7ab91c25" testName="ClosetApp.Tests.ImageStorageServiceTests.EnsureDisplayAsync_RebuildsMissingDisplayFromStoredImage" computerName="LAPTOP-586G3BLJ" duration="00:00:00.1020091" startTime="2026-05-29T22:46:29.1298266+08:00" endTime="2026-05-29T22:46:29.1298270+08:00" testType="13cdc9d9-ddb5-4fa4-a97d-d965ccfc6d4b" outcome="Passed" testListId="8c84fa94-04c1-424b-9868-57a2d4851a1d" relativeResultsDirectory="603d4913-8c9f-4b05-91f6-654684b59678" />
    <UnitTestResult executionId="152d41ac-19f7-4204-a9e1-6ecd5123cda5" testId="8e47bb49-e0fc-7d42-2050-dad7bcb4a0b4" testName="ClosetApp.Tests.OutfitRecommendationServiceTests.GetRecommendationDebugAsync_ReturnsNullWhenNoOutfits" computerName="LAPTOP-586G3BLJ" duration="00:00:00.0063053" startTime="2026-05-29T22:46:28.8657450+08:00" endTime="2026-05-29T22:46:28.8657450+08:00" testType="13cdc9d9-ddb5-4fa4-a97d-d965ccfc6d4b" outcome="Passed" testListId="8c84fa94-04c1-424b-9868-57a2d4851a1d" relativeResultsDirectory="152d41ac-19f7-4204-a9e1-6ecd5123cda5" />
    <UnitTestResult executionId="972d5413-fdd4-4e01-81c7-b1bbd52da6e8" testId="4e81ce3b-a624-e8ac-0f2a-397a8b3b0950" testName="ClosetApp.Tests.GetWardrobeInsightsTests.ExecuteAsync_SceneDistribution_GroupsByScene" computerName="LAPTOP-586G3BLJ" duration="00:00:00.0025889" startTime="2026-05-29T22:46:28.8798116+08:00" endTime="2026-05-29T22:46:28.8798117+08:00" testType="13cdc9d9-ddb5-4fa4-a97d-d965ccfc6d4b" outcome="Passed" testListId="8c84fa94-04c1-424b-9868-57a2d4851a1d" relativeResultsDirectory="972d5413-fdd4-4e01-81c7-b1bbd52da6e8" />
    <UnitTestResult executionId="7422086c-9a06-4ccf-a05b-734797d5f402" testId="8c2f911c-0493-82ef-20f5-910568490687" testName="ClosetApp.Tests.OutfitCompositionEngineTests.CalculateLayout_WithExtraItems_UsesOneItemPerSupportedRole" computerName="LAPTOP-586G3BLJ" duration="00:00:00.0013981" startTime="2026-05-29T22:46:28.8798583+08:00" endTime="2026-05-29T22:46:28.8798583+08:00" testType="13cdc9d9-ddb5-4fa4-a97d-d965ccfc6d4b" outcome="Passed" testListId="8c84fa94-04c1-424b-9868-57a2d4851a1d" relativeResultsDirectory="7422086c-9a06-4ccf-a05b-734797d5f402" />
    <UnitTestResult executionId="0145d511-e3cc-45e8-b17c-958c8b6ac22c" testId="e21a716a-7d3d-30ec-571a-c8287e5e3775" testName="ClosetApp.Tests.OutfitCompositionEngineTests.DetermineMode_WithOnlyAccessory_ReturnsSolo" computerName="LAPTOP-586G3BLJ" duration="00:00:00.0001563" startTime="2026-05-29T22:46:28.8805035+08:00" endTime="2026-05-29T22:46:28.8805036+08:00" testType="13cdc9d9-ddb5-4fa4-a97d-d965ccfc6d4b" outcome="Passed" testListId="8c84fa94-04c1-424b-9868-57a2d4851a1d" relativeResultsDirectory="0145d511-e3cc-45e8-b17c-958c8b6ac22c" />
    <UnitTestResult executionId="7870faab-5667-4d5a-94e5-35db36d50ba7" testId="1e4d6beb-4f84-edc9-96d0-b7c11896e56c" testName="ClosetApp.Tests.ClothingRepositoryTests.AddRangeAsync_WithEmptyCollection_DoesNotTouchDatabase" computerName="LAPTOP-586G3BLJ" duration="00:00:00.6530003" startTime="2026-05-29T22:46:29.5004448+08:00" endTime="2026-05-29T22:46:29.5004450+08:00" testType="13cdc9d9-ddb5-4fa4-a97d-d965ccfc6d4b" outcome="Passed" testListId="8c84fa94-04c1-424b-9868-57a2d4851a1d" relativeResultsDirectory="7870faab-5667-4d5a-94e5-35db36d50ba7" />
    <UnitTestResult executionId="bfc08b63-fa32-4589-bf5a-e510d689cef9" testId="9d52a90c-44cc-6a78-bedc-117518a2af76" testName="ClosetApp.Tests.RecommendationReadinessSummaryTests.Build_WithMissingCurrentSeason_ReturnsMissingSeason" computerName="LAPTOP-586G3BLJ" duration="00:00:00.0027031" startTime="2026-05-29T22:46:28.8660043+08:00" endTime="2026-05-29T22:46:28.8660044+08:00" testType="13cdc9d9-ddb5-4fa4-a97d-d965ccfc6d4b" outcome="Passed" testListId="8c84fa94-04c1-424b-9868-57a2d4851a1d" relativeResultsDirectory="bfc08b63-fa32-4589-bf5a-e510d689cef9" />
    <UnitTestResult executionId="94e11831-bb19-4f64-bc33-11b6a06fb59d" testId="0ff10f48-f64d-a16e-1870-7f1c623063d0" testName="ClosetApp.Tests.DatabaseLifecycleTests.InitializeAsync_AfterBackupRestore_KeepsImportedDataAccessible" computerName="LAPTOP-586G3BLJ" duration="00:00:00.0374231" startTime="2026-05-29T22:46:29.6566000+08:00" endTime="2026-05-29T22:46:29.6566001+08:00" testType="13cdc9d9-ddb5-4fa4-a97d-d965ccfc6d4b" outcome="Failed" testListId="8c84fa94-04c1-424b-9868-57a2d4851a1d" relativeResultsDirectory="94e11831-bb19-4f64-bc33-11b6a06fb59d">
      <Output>
        <ErrorInfo>
          <Message>Microsoft.Data.Sqlite.SqliteException : SQLite Error 1: 'no such column: o.OutfitNameSnapshot'.</Message>
          <StackTrace>   at Microsoft.Data.Sqlite.SqliteException.ThrowExceptionForRC(Int32 rc, sqlite3 db)&#xD;
   at Microsoft.Data.Sqlite.SqliteCommand.PrepareAndEnumerateStatements()+MoveNext()&#xD;
   at Microsoft.Data.Sqlite.SqliteCommand.GetStatements()+MoveNext()&#xD;
   at Microsoft.Data.Sqlite.SqliteDataReader.NextResult()&#xD;
   at Microsoft.Data.Sqlite.SqliteCommand.ExecuteReader(CommandBehavior behavior)&#xD;
   at Microsoft.Data.Sqlite.SqliteCommand.ExecuteReaderAsync(CommandBehavior behavior, CancellationToken cancellationToken)&#xD;
   at Microsoft.Data.Sqlite.SqliteCommand.ExecuteDbDataReaderAsync(CommandBehavior behavior, CancellationToken cancellationToken)&#xD;
   at Microsoft.EntityFrameworkCore.Storage.RelationalCommand.ExecuteReaderAsync(RelationalCommandParameterObject parameterObject, CancellationToken cancellationToken)&#xD;
   at Microsoft.EntityFrameworkCore.Storage.RelationalCommand.ExecuteReaderAsync(RelationalCommandParameterObject parameterObject, CancellationToken cancellationToken)&#xD;
   at Microsoft.EntityFrameworkCore.Query.Internal.SingleQueryingEnumerable`1.AsyncEnumerator.InitializeReaderAsync(AsyncEnumerator enumerator, CancellationToken cancellationToken)&#xD;
   at Microsoft.EntityFrameworkCore.Query.Internal.SingleQueryingEnumerable`1.AsyncEnumerator.MoveNextAsync()&#xD;
   at Microsoft.EntityFrameworkCore.EntityFrameworkQueryableExtensions.ToListAsync[TSource](IQueryable`1 source, CancellationToken cancellationToken)&#xD;
   at Microsoft.EntityFrameworkCore.EntityFrameworkQueryableExtensions.ToListAsync[TSource](IQueryable`1 source, CancellationToken cancellationToken)&#xD;
   at ClosetApp.Infrastructure.Services.BackupService.BuildBackupDocumentAsync() in D:\03_Projects\Personal\GirlfriendClosetApp\ClosetApp.Infrastructure\Services\BackupService.cs:line 222&#xD;
   at ClosetApp.Infrastructure.Services.BackupService.BuildBackupDocumentAsync() in D:\03_Projects\Personal\GirlfriendClosetApp\ClosetApp.Infrastructure\Services\BackupService.cs:line 222&#xD;
   at ClosetApp.Infrastructure.Services.BackupService.ValidateExportAsync(String filePath) in D:\03_Projects\Personal\GirlfriendClosetApp\ClosetApp.Infrastructure\Services\BackupService.cs:line 43&#xD;
   at ClosetApp.Infrastructure.Services.BackupService.ExportAsync(String filePath) in D:\03_Projects\Personal\GirlfriendClosetApp\ClosetApp.Infrastructure\Services\BackupService.cs:line 63&#xD;
   at ClosetApp.Tests.DatabaseLifecycleTests.InitializeAsync_AfterBackupRestore_KeepsImportedDataAccessible() in D:\03_Projects\Personal\GirlfriendClosetApp\ClosetApp.Tests\DatabaseLifecycleTests.cs:line 103&#xD;
--- End of stack trace from previous location ---</StackTrace>
        </ErrorInfo>
      </Output>
    </UnitTestResult>
    <UnitTestResult executionId="b693e346-bee1-41b3-b014-f4c21ee8df65" testId="4da3aa68-8a63-8094-3d05-e6bf7d2a05b1" testName="ClosetApp.Tests.BatchImportDuplicateCheckerTests.Analyze_DetectsDuplicatesInsideSelection_AndAgainstExistingClothes" computerName="LAPTOP-586G3BLJ" duration="00:00:00.0036428" startTime="2026-05-29T22:46:28.8674856+08:00" endTime="2026-05-29T22:46:28.8674856+08:00" testType="13cdc9d9-ddb5-4fa4-a97d-d965ccfc6d4b" outcome="Passed" testListId="8c84fa94-04c1-424b-9868-57a2d4851a1d" relativeResultsDirectory="b693e346-bee1-41b3-b014-f4c21ee8df65" />
    <UnitTestResult executionId="ba5e97d7-590c-4c38-9028-580cc2f02318" testId="b7ebe141-04ce-4754-6dd7-643c8e8e2ced" testName="ClosetApp.Tests.RecommendationReadinessSummaryTests.Build_WithOnlyUnspecifiedSeasons_ReturnsSeasonGuidance" computerName="LAPTOP-586G3BLJ" duration="00:00:00.0119529" startTime="2026-05-29T22:46:28.8613468+08:00" endTime="2026-05-29T22:46:28.8613470+08:00" testType="13cdc9d9-ddb5-4fa4-a97d-d965ccfc6d4b" outcome="Passed" testListId="8c84fa94-04c1-424b-9868-57a2d4851a1d" relativeResultsDirectory="ba5e97d7-590c-4c38-9028-580cc2f02318" />
    <UnitTestResult executionId="7df1f077-c91d-497f-a00d-6862a480069e" testId="4e5b3d1b-cefa-d791-037c-01ca5b9286e8" testName="ClosetApp.Tests.ClothesTabStateTests.ApplyFilter_WithSeasonTagAndFavorite_ReturnsOnlyMatchingClothes" computerName="LAPTOP-586G3BLJ" duration="00:00:00.0015111" startTime="2026-05-29T22:46:28.8670651+08:00" endTime="2026-05-29T22:46:28.8670652+08:00" testType="13cdc9d9-ddb5-4fa4-a97d-d965ccfc6d4b" outcome="Passed" testListId="8c84fa94-04c1-424b-9868-57a2d4851a1d" relativeResultsDirectory="7df1f077-c91d-497f-a00d-6862a480069e" />
    <UnitTestResult executionId="bc0094da-16b3-4dd3-b846-0dcae03daad7" testId="9aa16dd7-8ed9-049b-775b-832f72bf41b4" testName="ClosetApp.Tests.TabStateTests.TagsTabState_SetTags_UpdatesListAndLoadFlag" computerName="LAPTOP-586G3BLJ" duration="00:00:00.0150189" startTime="2026-05-29T22:46:28.8540592+08:00" endTime="2026-05-29T22:46:28.8540592+08:00" testType="13cdc9d9-ddb5-4fa4-a97d-d965ccfc6d4b" outcome="Passed" testListId="8c84fa94-04c1-424b-9868-57a2d4851a1d" relativeResultsDirectory="bc0094da-16b3-4dd3-b846-0dcae03daad7" />
    <UnitTestResult executionId="5deaa92a-912b-4eba-83ec-023596700e3e" testId="36571b26-56b3-a5b6-d628-3a754f605c05" testName="ClosetApp.Tests.OutfitCompositionEngineTests.CalculateLayout_MixedMode_OuterwearHasUpperPrimaryRegion" computerName="LAPTOP-586G3BLJ" duration="00:00:00.0035725" startTime="2026-05-29T22:46:28.8674704+08:00" endTime="2026-05-29T22:46:28.8674704+08:00" testType="13cdc9d9-ddb5-4fa4-a97d-d965ccfc6d4b" outcome="Passed" testListId="8c84fa94-04c1-424b-9868-57a2d4851a1d" relativeResultsDirectory="5deaa92a-912b-4eba-83ec-023596700e3e" />
    <UnitTestResult executionId="3372210d-306f-4dc2-b4a5-c030ae359718" testId="b573e754-00ce-87f2-d246-dcd1eb78b2c1" testName="ClosetApp.Tests.OutfitRecommendationServiceTests.GetRecommendationDebugAsync_IncludesPreferenceWeights" computerName="LAPTOP-586G3BLJ" duration="00:00:00.0018187" startTime="2026-05-29T22:46:28.8692828+08:00" endTime="2026-05-29T22:46:28.8692829+08:00" testType="13cdc9d9-ddb5-4fa4-a97d-d965ccfc6d4b" outcome="Passed" testListId="8c84fa94-04c1-424b-9868-57a2d4851a1d" relativeResultsDirectory="3372210d-306f-4dc2-b4a5-c030ae359718" />
    <UnitTestResult executionId="1dec7405-a804-4f2c-8ac4-07c4a7eae326" testId="7c531382-0b58-251d-25c0-cdfb4ac13f04" testName="ClosetApp.Tests.OutfitRecommendationServiceTests.GetRecommendationsByRuleAsync_LearnsTagAndColorPreference" computerName="LAPTOP-586G3BLJ" duration="00:00:00.0034227" startTime="2026-05-29T22:46:28.8674935+08:00" endTime="2026-05-29T22:46:28.8674935+08:00" testType="13cdc9d9-ddb5-4fa4-a97d-d965ccfc6d4b" outcome="Passed" testListId="8c84fa94-04c1-424b-9868-57a2d4851a1d" relativeResultsDirectory="1dec7405-a804-4f2c-8ac4-07c4a7eae326" />
    <UnitTestResult executionId="f6aa5a49-137e-4b44-86f3-81119ec215ed" testId="4ba9abe9-9b0e-c2e3-08a8-3abcbf36bfd3" testName="ClosetApp.Tests.WardrobeActionErrorPresenterTests.ForImport_WithFileLock_GivesFriendlyRetryGuidance" computerName="LAPTOP-586G3BLJ" duration="00:00:00.0001105" startTime="2026-05-29T22:46:28.8652114+08:00" endTime="2026-05-29T22:46:28.8652123+08:00" testType="13cdc9d9-ddb5-4fa4-a97d-d965ccfc6d4b" outcome="Passed" testListId="8c84fa94-04c1-424b-9868-57a2d4851a1d" relativeResultsDirectory="f6aa5a49-137e-4b44-86f3-81119ec215ed" />
    <UnitTestResult executionId="821e29ea-7fbe-4ac2-abd2-1fea9a6232b1" testId="aeea6444-63f7-88ab-ad89-051062828dd2" testName="ClosetApp.Tests.OutfitsViewModelTests.RefreshAfterOutfitSavedWithFeedbackAsync_ReloadsOutfits" computerName="LAPTOP-586G3BLJ" duration="00:00:00.0271575" startTime="2026-05-29T22:46:28.8808633+08:00" endTime="2026-05-29T22:46:28.8808634+08:00" testType="13cdc9d9-ddb5-4fa4-a97d-d965ccfc6d4b" outcome="Passed" testListId="8c84fa94-04c1-424b-9868-57a2d4851a1d" relativeResultsDirectory="821e29ea-7fbe-4ac2-abd2-1fea9a6232b1" />
    <UnitTestResult executionId="712ffe80-6b4c-4795-981c-72e35b29d7d5" testId="a90fd59d-6d66-8af5-0cb6-b4d6086463f6" testName="ClosetApp.Tests.BackupServiceTests.ValidateExportAsync_WithMissingZipImage_ReturnsCoverageCounts" computerName="LAPTOP-586G3BLJ" duration="00:00:00.0117014" startTime="2026-05-29T22:46:29.9509410+08:00" endTime="2026-05-29T22:46:29.9509414+08:00" testType="13cdc9d9-ddb5-4fa4-a97d-d965ccfc6d4b" outcome="Passed" testListId="8c84fa94-04c1-424b-9868-57a2d4851a1d" relativeResultsDirectory="712ffe80-6b4c-4795-981c-72e35b29d7d5" />
    <UnitTestResult executionId="6b46c72a-28f3-48ba-a354-792c78e9f497" testId="6ad1d3fc-b1ad-ddac-d226-35eab5fa6a6d" testName="ClosetApp.Tests.ClothingRepositoryTests.DeleteRangeAsync_RemovesSelectedClothes" computerName="LAPTOP-586G3BLJ" duration="00:00:00.0879423" startTime="2026-05-29T22:46:29.5884279+08:00" endTime="2026-05-29T22:46:29.5884280+08:00" testType="13cdc9d9-ddb5-4fa4-a97d-d965ccfc6d4b" outcome="Passed" testListId="8c84fa94-04c1-424b-9868-57a2d4851a1d" relativeResultsDirectory="6b46c72a-28f3-48ba-a354-792c78e9f497" />
    <UnitTestResult executionId="33da0631-4c73-4ad7-a0c8-d2f5044d0f33" testId="739ec81d-c8da-df74-f054-5df99603b5cd" testName="ClosetApp.Tests.WardrobeActionErrorPresenterTests.ForBatchClear_WithDatabaseLock_GivesBusyMessage" computerName="LAPTOP-586G3BLJ" duration="00:00:00.0010306" startTime="2026-05-29T22:46:28.8649678+08:00" endTime="2026-05-29T22:46:28.8649678+08:00" testType="13cdc9d9-ddb5-4fa4-a97d-d965ccfc6d4b" outcome="Passed" testListId="8c84fa94-04c1-424b-9868-57a2d4851a1d" relativeResultsDirectory="33da0631-4c73-4ad7-a0c8-d2f5044d0f33" />
    <UnitTestResult executionId="d006a800-e755-41ad-9a62-b56701e58de3" testId="8f7300bc-13c8-afb0-5d5c-038a30c42057" testName="ClosetApp.Tests.OutfitSelectionRulesTests.SelectingDress_ClearsTopAndLowerBody" computerName="LAPTOP-586G3BLJ" duration="00:00:00.0000908" startTime="2026-05-29T22:46:28.8656830+08:00" endTime="2026-05-29T22:46:28.8656831+08:00" testType="13cdc9d9-ddb5-4fa4-a97d-d965ccfc6d4b" outcome="Passed" testListId="8c84fa94-04c1-424b-9868-57a2d4851a1d" relativeResultsDirectory="d006a800-e755-41ad-9a62-b56701e58de3" />
    <UnitTestResult executionId="b5273f86-e73e-45e4-9cc6-7a4af743698b" testId="c9935236-3dc7-20b2-20c7-4b00b622d589" testName="ClosetApp.Tests.ClothesTabStateTests.ApplyFilter_WithSeason_IncludesAllSeasonClothes" computerName="LAPTOP-586G3BLJ" duration="00:00:00.0022799" startTime="2026-05-29T22:46:28.8670484+08:00" endTime="2026-05-29T22:46:28.8670484+08:00" testType="13cdc9d9-ddb5-4fa4-a97d-d965ccfc6d4b" outcome="Passed" testListId="8c84fa94-04c1-424b-9868-57a2d4851a1d" relativeResultsDirectory="b5273f86-e73e-45e4-9cc6-7a4af743698b" />
    <UnitTestResult executionId="2b3bc816-1253-4761-96db-b196fc70db7b" testId="3ca052f4-5ecb-d752-86b1-3aa385e0cb08" testName="ClosetApp.Tests.BackupServiceTests.ExportAndImport_Zip_RestoresCoreDataAndImages" computerName="LAPTOP-586G3BLJ" duration="00:00:00.1115331" startTime="2026-05-29T22:46:29.7857606+08:00" endTime="2026-05-29T22:46:29.7857608+08:00" testType="13cdc9d9-ddb5-4fa4-a97d-d965ccfc6d4b" outcome="Passed" testListId="8c84fa94-04c1-424b-9868-57a2d4851a1d" relativeResultsDirectory="2b3bc816-1253-4761-96db-b196fc70db7b" />
    <UnitTestResult executionId="b646db9e-3860-4b71-9fb0-4487568b354b" testId="40ab04bc-a608-887d-a986-4009e51a96d8" testName="ClosetApp.Tests.BackupServiceTests.ExportAndImport_Json_RoundTripsCoreData" computerName="LAPTOP-586G3BLJ" duration="00:00:00.0861729" startTime="2026-05-29T22:46:29.8724487+08:00" endTime="2026-05-29T22:46:29.8724489+08:00" testType="13cdc9d9-ddb5-4fa4-a97d-d965ccfc6d4b" outcome="Passed" testListId="8c84fa94-04c1-424b-9868-57a2d4851a1d" relativeResultsDirectory="b646db9e-3860-4b71-9fb0-4487568b354b" />
    <UnitTestResult executionId="98ae1cbb-d3f7-4911-8b24-0a52d9850c2a" testId="550274fc-357a-b7da-9333-1d4ad66a3dd6" testName="ClosetApp.Tests.RecommendationPreferencesServiceTests.SaveAsync_ThenGetAsync_PersistsRecommendationPreferences" computerName="LAPTOP-586G3BLJ" duration="00:00:00.0601055" startTime="2026-05-29T22:46:28.9005421+08:00" endTime="2026-05-29T22:46:28.9005422+08:00" testType="13cdc9d9-ddb5-4fa4-a97d-d965ccfc6d4b" outcome="Passed" testListId="8c84fa94-04c1-424b-9868-57a2d4851a1d" relativeResultsDirectory="98ae1cbb-d3f7-4911-8b24-0a52d9850c2a" />
    <UnitTestResult executionId="cc7c034b-7ec1-4ad5-bde8-24929cc24c81" testId="2ef782eb-be49-1538-f522-df88ab595068" testName="ClosetApp.Tests.OutfitsTabStateTests.ApplyFilter_WithSearchSceneSeasonFavoriteAndSort_ReturnsSortedMatches" computerName="LAPTOP-586G3BLJ" duration="00:00:00.0208384" startTime="2026-05-29T22:46:28.8649267+08:00" endTime="2026-05-29T22:46:28.8649268+08:00" testType="13cdc9d9-ddb5-4fa4-a97d-d965ccfc6d4b" outcome="Passed" testListId="8c84fa94-04c1-424b-9868-57a2d4851a1d" relativeResultsDirectory="cc7c034b-7ec1-4ad5-bde8-24929cc24c81" />
    <UnitTestResult executionId="9013c772-55ea-4d12-9680-873620cdfc55" testId="d928bb87-5bc7-c1ae-e7c0-b36534f9e547" testName="ClosetApp.Tests.BatchClothingImportBuilderTests.CreateClothing_UsesDefaultNameAndSharedOptions" computerName="LAPTOP-586G3BLJ" duration="00:00:00.0054347" startTime="2026-05-29T22:46:28.8656999+08:00" endTime="2026-05-29T22:46:28.8657000+08:00" testType="13cdc9d9-ddb5-4fa4-a97d-d965ccfc6d4b" outcome="Passed" testListId="8c84fa94-04c1-424b-9868-57a2d4851a1d" relativeResultsDirectory="9013c772-55ea-4d12-9680-873620cdfc55" />
    <UnitTestResult executionId="00f68b8f-4604-4b3e-8abb-edf7e35a469e" testId="6f0c4709-1273-1c0d-b746-36864a15e8a1" testName="ClosetApp.Tests.BackupServiceTests.ImportAsync_ZipMissingImage_ReportsMissingFileNames" computerName="LAPTOP-586G3BLJ" duration="00:00:00.0663921" startTime="2026-05-29T22:46:29.9391520+08:00" endTime="2026-05-29T22:46:29.9391522+08:00" testType="13cdc9d9-ddb5-4fa4-a97d-d965ccfc6d4b" outcome="Passed" testListId="8c84fa94-04c1-424b-9868-57a2d4851a1d" relativeResultsDirectory="00f68b8f-4604-4b3e-8abb-edf7e35a469e" />
    <UnitTestResult executionId="769f9f96-5308-4e22-9a6c-dcee4414dd1b" testId="6abfef1f-abbc-8b0d-f276-067cddb5d949" testName="ClosetApp.Tests.OutfitRecommendationServiceTests.GetRecommendationsByRuleAsync_AllSeasonRanksAboveWrongSeason" computerName="LAPTOP-586G3BLJ" duration="00:00:00.0004493" startTime="2026-05-29T22:46:28.8677175+08:00" endTime="2026-05-29T22:46:28.8677175+08:00" testType="13cdc9d9-ddb5-4fa4-a97d-d965ccfc6d4b" outcome="Passed" testListId="8c84fa94-04c1-424b-9868-57a2d4851a1d" relativeResultsDirectory="769f9f96-5308-4e22-9a6c-dcee4414dd1b" />
    <UnitTestResult executionId="92c53e73-6876-4aeb-a3e0-542a5930b2cb" testId="fcd2988e-15d9-cfb1-3459-6c3cebf34c78" testName="ClosetApp.Tests.OutfitsViewModelTests.DeleteOutfitWithFeedbackAsync_DeletesOutfitAndRefreshesList" computerName="LAPTOP-586G3BLJ" duration="00:00:00.0014610" startTime="2026-05-29T22:46:28.9017269+08:00" endTime="2026-05-29T22:46:28.9017270+08:00" testType="13cdc9d9-ddb5-4fa4-a97d-d965ccfc6d4b" outcome="Passed" testListId="8c84fa94-04c1-424b-9868-57a2d4851a1d" relativeResultsDirectory="92c53e73-6876-4aeb-a3e0-542a5930b2cb" />
    <UnitTestResult executionId="64d37742-569e-4274-96ab-86f48370274d" testId="0452e841-a80c-402b-e0d4-11bb60488219" testName="ClosetApp.Tests.ImageMaintenanceServiceTests.CountMissingThumbnailsAsync_OnlyCountsStoredImagesWithoutThumbnail" computerName="LAPTOP-586G3BLJ" duration="00:00:00.0561288" startTime="2026-05-29T22:46:29.7534857+08:00" endTime="2026-05-29T22:46:29.7534858+08:00" testType="13cdc9d9-ddb5-4fa4-a97d-d965ccfc6d4b" outcome="Passed" testListId="8c84fa94-04c1-424b-9868-57a2d4851a1d" relativeResultsDirectory="64d37742-569e-4274-96ab-86f48370274d" />
    <UnitTestResult executionId="1bae8751-f3f0-481d-8a1f-c684a3de1065" testId="eb8831b6-7fc1-2e8b-d4e1-7902f50ab430" testName="ClosetApp.Tests.OutfitRecommendationServiceTests.GetRecommendationsByRuleAsync_IgnoresEmptyOutfits" computerName="LAPTOP-586G3BLJ" duration="00:00:00.0196522" startTime="2026-05-29T22:46:28.8630445+08:00" endTime="2026-05-29T22:46:28.8630447+08:00" testType="13cdc9d9-ddb5-4fa4-a97d-d965ccfc6d4b" outcome="Passed" testListId="8c84fa94-04c1-424b-9868-57a2d4851a1d" relativeResultsDirectory="1bae8751-f3f0-481d-8a1f-c684a3de1065" />
    <UnitTestResult executionId="609f3f4a-28f5-444c-8643-93683f67e0e3" testId="36c9a007-e797-7c77-50f6-246a1fe15df6" testName="ClosetApp.Tests.TabStateTests.OutfitsTabState_SetCalendarRecords_BuildsCalendarAndSummary" computerName="LAPTOP-586G3BLJ" duration="00:00:00.0117843" startTime="2026-05-29T22:46:28.8674551+08:00" endTime="2026-05-29T22:46:28.8674552+08:00" testType="13cdc9d9-ddb5-4fa4-a97d-d965ccfc6d4b" outcome="Passed" testListId="8c84fa94-04c1-424b-9868-57a2d4851a1d" relativeResultsDirectory="609f3f4a-28f5-444c-8643-93683f67e0e3" />
    <UnitTestResult executionId="df466ee9-a530-4b53-8e08-6b49900adfb3" testId="57f591a6-5fa0-9f74-b6a0-bc23bed5d9bf" testName="ClosetApp.Tests.ClothesTabStateTests.ApplyFilter_WithCategoryAndSearch_ReturnsMatchingClothes" computerName="LAPTOP-586G3BLJ" duration="00:00:00.0002019" startTime="2026-05-29T22:46:28.8667938+08:00" endTime="2026-05-29T22:46:28.8667938+08:00" testType="13cdc9d9-ddb5-4fa4-a97d-d965ccfc6d4b" outcome="Passed" testListId="8c84fa94-04c1-424b-9868-57a2d4851a1d" relativeResultsDirectory="df466ee9-a530-4b53-8e08-6b49900adfb3" />
    <UnitTestResult executionId="3373e809-a4a3-4601-a6e8-c0e6fed6f65c" testId="be1670c1-87cf-a022-7371-bd9fed2e7f79" testName="ClosetApp.Tests.BackupServiceTests.BuildDefaultBackupPath_UsesBackupsDirectoryAndZipExtension" computerName="LAPTOP-586G3BLJ" duration="00:00:00.0011022" startTime="2026-05-29T22:46:29.9520923+08:00" endTime="2026-05-29T22:46:29.9520924+08:00" testType="13cdc9d9-ddb5-4fa4-a97d-d965ccfc6d4b" outcome="Passed" testListId="8c84fa94-04c1-424b-9868-57a2d4851a1d" relativeResultsDirectory="3373e809-a4a3-4601-a6e8-c0e6fed6f65c" />
    <UnitTestResult executionId="a91cbac3-3179-4637-959b-a53e946f82a6" testId="a1e2436b-a91f-baad-d690-dbfb04dde0fb" testName="ClosetApp.Tests.RecommendationPreferencesServiceTests.GetAsync_WithMissingFile_ReturnsDefaultPreferences" computerName="LAPTOP-586G3BLJ" duration="00:00:00.0130238" startTime="2026-05-29T22:46:28.8540620+08:00" endTime="2026-05-29T22:46:28.8540620+08:00" testType="13cdc9d9-ddb5-4fa4-a97d-d965ccfc6d4b" outcome="Passed" testListId="8c84fa94-04c1-424b-9868-57a2d4851a1d" relativeResultsDirectory="a91cbac3-3179-4637-959b-a53e946f82a6" />
    <UnitTestResult executionId="2d531c33-330a-4078-8aa1-6fc9a6cf5b51" testId="ab72fac4-e084-eb26-bab5-92ab7c7ffc29" testName="ClosetApp.Tests.OutfitCompositionEngineTests.CalculateLayout_WithOuterwearAndShoes_UsesMixedMode" computerName="LAPTOP-586G3BLJ" duration="00:00:00.0026983" startTime="2026-05-29T22:46:28.8734427+08:00" endTime="2026-05-29T22:46:28.8734428+08:00" testType="13cdc9d9-ddb5-4fa4-a97d-d965ccfc6d4b" outcome="Passed" testListId="8c84fa94-04c1-424b-9868-57a2d4851a1d" relativeResultsDirectory="2d531c33-330a-4078-8aa1-6fc9a6cf5b51" />
    <UnitTestResult executionId="533d793b-9fb4-488b-8c7a-e26f4ecb9f15" testId="827506d0-c2c8-eec5-af90-7a44403b74a1" testName="ClosetApp.Tests.SettingsViewModelTests.RefreshStatsAsync_UpdatesImageMaintenanceSummaries" computerName="LAPTOP-586G3BLJ" duration="00:00:00.0010054" startTime="2026-05-29T22:46:28.8978038+08:00" endTime="2026-05-29T22:46:28.8978048+08:00" testType="13cdc9d9-ddb5-4fa4-a97d-d965ccfc6d4b" outcome="Passed" testListId="8c84fa94-04c1-424b-9868-57a2d4851a1d" relativeResultsDirectory="533d793b-9fb4-488b-8c7a-e26f4ecb9f15" />
    <UnitTestResult executionId="b337eb1e-cdba-4316-bb91-f12a23d612cf" testId="b873df4b-cfc6-497b-aa64-a9da3dce4412" testName="ClosetApp.Tests.OutfitsViewModelTests.RefreshWeatherRecommendationsAsync_WithPreferFavoritesStrategy_PrioritizesFavorites" computerName="LAPTOP-586G3BLJ" duration="00:00:00.0326326" startTime="2026-05-29T22:46:28.8664803+08:00" endTime="2026-05-29T22:46:28.8664803+08:00" testType="13cdc9d9-ddb5-4fa4-a97d-d965ccfc6d4b" outcome="Passed" testListId="8c84fa94-04c1-424b-9868-57a2d4851a1d" relativeResultsDirectory="b337eb1e-cdba-4316-bb91-f12a23d612cf" />
    <UnitTestResult executionId="1ebfc888-2740-415a-9ea2-4a1de68d8e58" testId="d339a176-156e-3937-7b65-6d348cc7d420" testName="ClosetApp.Tests.OutfitsViewModelTests.ToggleFavoriteWithFeedbackAsync_TogglesFavoriteAndRefreshesList" computerName="LAPTOP-586G3BLJ" duration="00:00:00.0066538" startTime="2026-05-29T22:46:28.8959940+08:00" endTime="2026-05-29T22:46:28.8959942+08:00" testType="13cdc9d9-ddb5-4fa4-a97d-d965ccfc6d4b" outcome="Passed" testListId="8c84fa94-04c1-424b-9868-57a2d4851a1d" relativeResultsDirectory="1ebfc888-2740-415a-9ea2-4a1de68d8e58" />
    <UnitTestResult executionId="26fb8acd-f7e5-45d5-a7a7-6fa509d35eae" testId="3ad35232-36b6-a11d-2781-316a0d84ea6a" testName="ClosetApp.Tests.SettingsViewModelTests.RefreshBackupStateAsync_WithLatestImport_UpdatesWarningAndMissingCards" computerName="LAPTOP-586G3BLJ" duration="00:00:00.0014577" startTime="2026-05-29T22:46:28.8967633+08:00" endTime="2026-05-29T22:46:28.8967635+08:00" testType="13cdc9d9-ddb5-4fa4-a97d-d965ccfc6d4b" outcome="Passed" testListId="8c84fa94-04c1-424b-9868-57a2d4851a1d" relativeResultsDirectory="26fb8acd-f7e5-45d5-a7a7-6fa509d35eae" />
    <UnitTestResult executionId="0834440d-95a9-47d1-aad9-c073ae531716" testId="e99b9975-dc27-8fe7-7d2c-09e7c72ef5f8" testName="ClosetApp.Tests.OutfitCompositionEngineTests.CalculateLayout_WithOuterwearAndTop_UsesLayeredUpperBody" computerName="LAPTOP-586G3BLJ" duration="00:00:00.0022505" startTime="2026-05-29T22:46:28.8675085+08:00" endTime="2026-05-29T22:46:28.8675085+08:00" testType="13cdc9d9-ddb5-4fa4-a97d-d965ccfc6d4b" outcome="Passed" testListId="8c84fa94-04c1-424b-9868-57a2d4851a1d" relativeResultsDirectory="0834440d-95a9-47d1-aad9-c073ae531716" />
    <UnitTestResult executionId="7795ce45-372e-4629-b33d-c794789d233d" testId="bbe8ece6-a29b-ec4a-7b59-2d46b334b1a6" testName="ClosetApp.Tests.RecommendationReadinessSummaryTests.Build_WithMatchingSeason_ReturnsReadySummary" computerName="LAPTOP-586G3BLJ" duration="00:00:00.0021568" startTime="2026-05-29T22:46:28.8652329+08:00" endTime="2026-05-29T22:46:28.8652330+08:00" testType="13cdc9d9-ddb5-4fa4-a97d-d965ccfc6d4b" outcome="Passed" testListId="8c84fa94-04c1-424b-9868-57a2d4851a1d" relativeResultsDirectory="7795ce45-372e-4629-b33d-c794789d233d" />
    <UnitTestResult executionId="d8d1cfca-b9cd-425d-b0d5-eca3f0875911" testId="9677c9fb-901d-97e6-8a6f-27d061b3eef8" testName="ClosetApp.Tests.GetWardrobeInsightsTests.ExecuteAsync_SeasonDistribution_GroupsBySeason" computerName="LAPTOP-586G3BLJ" duration="00:00:00.0016448" startTime="2026-05-29T22:46:28.8799442+08:00" endTime="2026-05-29T22:46:28.8799444+08:00" testType="13cdc9d9-ddb5-4fa4-a97d-d965ccfc6d4b" outcome="Passed" testListId="8c84fa94-04c1-424b-9868-57a2d4851a1d" relativeResultsDirectory="d8d1cfca-b9cd-425d-b0d5-eca3f0875911" />
    <UnitTestResult executionId="38bf6673-2692-495e-998f-8f1cfdcc4c3b" testId="93be0aff-f16b-7698-011a-b1c3738b16ca" testName="ClosetApp.Tests.OutfitCompositionEngineTests.LayoutResult_GetPrimaryBounds_ReturnsNonNullForDress" computerName="LAPTOP-586G3BLJ" duration="00:00:00.0027543" startTime="2026-05-29T22:46:28.8706875+08:00" endTime="2026-05-29T22:46:28.8706876+08:00" testType="13cdc9d9-ddb5-4fa4-a97d-d965ccfc6d4b" outcome="Passed" testListId="8c84fa94-04c1-424b-9868-57a2d4851a1d" relativeResultsDirectory="38bf6673-2692-495e-998f-8f1cfdcc4c3b" />
    <UnitTestResult executionId="b44cb900-82b1-4bb9-bb8e-ee87089341da" testId="fe79592d-753c-f5a4-ff11-ec36c44b9a67" testName="ClosetApp.Tests.OutfitsTabStateTests.ToggleHistoryExpanded_UpdatesToggleText" computerName="LAPTOP-586G3BLJ" duration="00:00:00.0017657" startTime="2026-05-29T22:46:28.8655993+08:00" endTime="2026-05-29T22:46:28.8655994+08:00" testType="13cdc9d9-ddb5-4fa4-a97d-d965ccfc6d4b" outcome="Passed" testListId="8c84fa94-04c1-424b-9868-57a2d4851a1d" relativeResultsDirectory="b44cb900-82b1-4bb9-bb8e-ee87089341da" />
[...]
    <TestEntry testId="d366359a-2bda-cdef-a1b6-1da97ae07661" executionId="dab96747-de40-4666-aafe-31ea7cdd92e1" testListId="8c84fa94-04c1-424b-9868-57a2d4851a1d" />
    <TestEntry testId="e374098f-c6f4-0d20-d072-102322b64a27" executionId="cd47e4c3-2eb5-4c42-a137-103499c7c973" testListId="8c84fa94-04c1-424b-9868-57a2d4851a1d" />
    <TestEntry testId="c6e155a2-2367-c00a-f08d-8d5fb8e7c4b5" executionId="052f26fe-0069-49a9-b81e-e319bd9d464d" testListId="8c84fa94-04c1-424b-9868-57a2d4851a1d" />
    <TestEntry testId="32bf3b5f-af85-97ab-d96e-361d3c479dc0" executionId="722d047d-1415-4a51-9d77-c234887ab654" testListId="8c84fa94-04c1-424b-9868-57a2d4851a1d" />
    <TestEntry testId="5465384a-bc35-9179-05c2-6c3e2f2b099d" executionId="650d7a40-e06c-44ac-99a8-780c6ba7cb30" testListId="8c84fa94-04c1-424b-9868-57a2d4851a1d" />
    <TestEntry testId="cccc69ff-9188-521e-0e56-e8f614ad3320" executionId="7d57f301-0af8-4cb5-8426-a83b31b35209" testListId="8c84fa94-04c1-424b-9868-57a2d4851a1d" />
    <TestEntry testId="c891b748-19ed-db6a-5ed3-a4c35413d292" executionId="fd6249bd-b17c-4b63-8852-60dad506a835" testListId="8c84fa94-04c1-424b-9868-57a2d4851a1d" />
    <TestEntry testId="d74e9913-607e-fb35-d9e1-d13fe95626c3" executionId="81f93a66-b9d1-46b5-945d-9a92086e1f21" testListId="8c84fa94-04c1-424b-9868-57a2d4851a1d" />
    <TestEntry testId="d6be90e7-d6ea-fc72-14f0-c18d8a8b9adc" executionId="a124de4e-6be8-43d4-85a7-d322382966c2" testListId="8c84fa94-04c1-424b-9868-57a2d4851a1d" />
    <TestEntry testId="b1da83c0-5f85-bcce-c986-fcf3f7317411" executionId="1defd910-a049-4d50-ab0b-058d102e2724" testListId="8c84fa94-04c1-424b-9868-57a2d4851a1d" />
    <TestEntry testId="f53c9844-9a88-f6f6-1a75-dde66040fa20" executionId="233964a8-9f5e-4d6b-b48e-0b5eeca039b6" testListId="8c84fa94-04c1-424b-9868-57a2d4851a1d" />
    <TestEntry testId="c709d6f1-b216-68be-5de3-b33151c85031" executionId="44121b14-7c36-4ea7-84a3-b2c41ecb021d" testListId="8c84fa94-04c1-424b-9868-57a2d4851a1d" />
    <TestEntry testId="69dcf9fd-3c93-58af-ca95-a785f5623411" executionId="a362b5a5-343a-4a47-a035-29b5d8dd1790" testListId="8c84fa94-04c1-424b-9868-57a2d4851a1d" />
    <TestEntry testId="7a307b43-6cbd-4f16-00ba-a35851bd8a8c" executionId="f4a9a0c5-be13-4753-bdc6-d4ed15c7036a" testListId="8c84fa94-04c1-424b-9868-57a2d4851a1d" />
    <TestEntry testId="9cce1390-1b1f-d941-016d-49f855f7a1af" executionId="522124a5-0bb2-4cfd-9bc3-c3dc9f7e3016" testListId="8c84fa94-04c1-424b-9868-57a2d4851a1d" />
    <TestEntry testId="8c8a1f1f-8d61-0ab0-5dae-eb34c70b7220" executionId="735ac416-ba09-483a-a740-6cbb45bed453" testListId="8c84fa94-04c1-424b-9868-57a2d4851a1d" />
    <TestEntry testId="9fe6f6b8-fee4-f95f-471a-d43014fda9d6" executionId="7c285eea-cb19-40ec-82a4-9650b2b0f60b" testListId="8c84fa94-04c1-424b-9868-57a2d4851a1d" />
    <TestEntry testId="fd148e98-74fb-aa9f-8122-9667721e14e0" executionId="d5558bb9-8cc0-41f5-8ff8-71acb3db3a88" testListId="8c84fa94-04c1-424b-9868-57a2d4851a1d" />
    <TestEntry testId="3bb29ad4-6f39-2a14-0efd-bbaf735a81c3" executionId="05a5ee8e-9de3-477a-bf45-485318bf5d38" testListId="8c84fa94-04c1-424b-9868-57a2d4851a1d" />
    <TestEntry testId="7e7ec1fc-427d-5b7c-b7e2-399582448b2f" executionId="9fe2fdcd-9df6-46b9-9e35-df4933f70d45" testListId="8c84fa94-04c1-424b-9868-57a2d4851a1d" />
    <TestEntry testId="e4cfa41b-5387-dd56-05e9-4607a9c73cde" executionId="5850a752-b402-41aa-a8cc-aca4fc484e2a" testListId="8c84fa94-04c1-424b-9868-57a2d4851a1d" />
    <TestEntry testId="fb660201-b7fd-49cf-0ded-db1768671619" executionId="f5773df0-0fc2-487c-8e31-02c1ca44070f" testListId="8c84fa94-04c1-424b-9868-57a2d4851a1d" />
    <TestEntry testId="abb91c9b-6a13-42f7-2040-7ebee56288d5" executionId="fa3062b6-bb52-4230-9ad2-4fe18d805b48" testListId="8c84fa94-04c1-424b-9868-57a2d4851a1d" />
    <TestEntry testId="7e362adb-d419-8ea0-32c6-84dac5f4b476" executionId="3ab2d690-5d15-4495-88ad-0c44df96c67e" testListId="8c84fa94-04c1-424b-9868-57a2d4851a1d" />
    <TestEntry testId="b872a58d-979b-ae9a-fa05-ffc75d26d753" executionId="9139e963-cb9c-4b95-ac7b-2c8f155b2aa7" testListId="8c84fa94-04c1-424b-9868-57a2d4851a1d" />
    <TestEntry testId="b9e26f92-c6da-9045-624d-dafe33661b99" executionId="44a05d7d-f738-4cff-80c4-0c20dd24007e" testListId="8c84fa94-04c1-424b-9868-57a2d4851a1d" />
    <TestEntry testId="699e66cb-adca-3691-83d9-a5481efede4d" executionId="fc66d54c-f52d-4bc7-8723-d896e380ce1c" testListId="8c84fa94-04c1-424b-9868-57a2d4851a1d" />
    <TestEntry testId="9dd80b02-dcbc-e2aa-16fa-a89ea13d871e" executionId="7af8c952-2988-4c59-8172-d149078100ac" testListId="8c84fa94-04c1-424b-9868-57a2d4851a1d" />
    <TestEntry testId="b010b306-03b9-13d9-44b2-cf507a652cf4" executionId="23a606ed-dba1-4c9c-b687-e449765a7b48" testListId="8c84fa94-04c1-424b-9868-57a2d4851a1d" />
    <TestEntry testId="d6cea89f-e84b-996d-40e6-cb22fc57ad6b" executionId="3d4f58df-8c49-403b-8715-859de2453f00" testListId="8c84fa94-04c1-424b-9868-57a2d4851a1d" />
    <TestEntry testId="a1b52915-57c9-3ff6-0668-dabf7ab91c25" executionId="603d4913-8c9f-4b05-91f6-654684b59678" testListId="8c84fa94-04c1-424b-9868-57a2d4851a1d" />
    <TestEntry testId="8e47bb49-e0fc-7d42-2050-dad7bcb4a0b4" executionId="152d41ac-19f7-4204-a9e1-6ecd5123cda5" testListId="8c84fa94-04c1-424b-9868-57a2d4851a1d" />
    <TestEntry testId="4e81ce3b-a624-e8ac-0f2a-397a8b3b0950" executionId="972d5413-fdd4-4e01-81c7-b1bbd52da6e8" testListId="8c84fa94-04c1-424b-9868-57a2d4851a1d" />
    <TestEntry testId="8c2f911c-0493-82ef-20f5-910568490687" executionId="7422086c-9a06-4ccf-a05b-734797d5f402" testListId="8c84fa94-04c1-424b-9868-57a2d4851a1d" />
    <TestEntry testId="e21a716a-7d3d-30ec-571a-c8287e5e3775" executionId="0145d511-e3cc-45e8-b17c-958c8b6ac22c" testListId="8c84fa94-04c1-424b-9868-57a2d4851a1d" />
    <TestEntry testId="1e4d6beb-4f84-edc9-96d0-b7c11896e56c" executionId="7870faab-5667-4d5a-94e5-35db36d50ba7" testListId="8c84fa94-04c1-424b-9868-57a2d4851a1d" />
    <TestEntry testId="9d52a90c-44cc-6a78-bedc-117518a2af76" executionId="bfc08b63-fa32-4589-bf5a-e510d689cef9" testListId="8c84fa94-04c1-424b-9868-57a2d4851a1d" />
    <TestEntry testId="0ff10f48-f64d-a16e-1870-7f1c623063d0" executionId="94e11831-bb19-4f64-bc33-11b6a06fb59d" testListId="8c84fa94-04c1-424b-9868-57a2d4851a1d" />
    <TestEntry testId="4da3aa68-8a63-8094-3d05-e6bf7d2a05b1" executionId="b693e346-bee1-41b3-b014-f4c21ee8df65" testListId="8c84fa94-04c1-424b-9868-57a2d4851a1d" />
    <TestEntry testId="b7ebe141-04ce-4754-6dd7-643c8e8e2ced" executionId="ba5e97d7-590c-4c38-9028-580cc2f02318" testListId="8c84fa94-04c1-424b-9868-57a2d4851a1d" />
    <TestEntry testId="4e5b3d1b-cefa-d791-037c-01ca5b9286e8" executionId="7df1f077-c91d-497f-a00d-6862a480069e" testListId="8c84fa94-04c1-424b-9868-57a2d4851a1d" />
    <TestEntry testId="9aa16dd7-8ed9-049b-775b-832f72bf41b4" executionId="bc0094da-16b3-4dd3-b846-0dcae03daad7" testListId="8c84fa94-04c1-424b-9868-57a2d4851a1d" />
    <TestEntry testId="36571b26-56b3-a5b6-d628-3a754f605c05" executionId="5deaa92a-912b-4eba-83ec-023596700e3e" testListId="8c84fa94-04c1-424b-9868-57a2d4851a1d" />
    <TestEntry testId="b573e754-00ce-87f2-d246-dcd1eb78b2c1" executionId="3372210d-306f-4dc2-b4a5-c030ae359718" testListId="8c84fa94-04c1-424b-9868-57a2d4851a1d" />
    <TestEntry testId="7c531382-0b58-251d-25c0-cdfb4ac13f04" executionId="1dec7405-a804-4f2c-8ac4-07c4a7eae326" testListId="8c84fa94-04c1-424b-9868-57a2d4851a1d" />
    <TestEntry testId="4ba9abe9-9b0e-c2e3-08a8-3abcbf36bfd3" executionId="f6aa5a49-137e-4b44-86f3-81119ec215ed" testListId="8c84fa94-04c1-424b-9868-57a2d4851a1d" />
    <TestEntry testId="aeea6444-63f7-88ab-ad89-051062828dd2" executionId="821e29ea-7fbe-4ac2-abd2-1fea9a6232b1" testListId="8c84fa94-04c1-424b-9868-57a2d4851a1d" />
    <TestEntry testId="a90fd59d-6d66-8af5-0cb6-b4d6086463f6" executionId="712ffe80-6b4c-4795-981c-72e35b29d7d5" testListId="8c84fa94-04c1-424b-9868-57a2d4851a1d" />
    <TestEntry testId="6ad1d3fc-b1ad-ddac-d226-35eab5fa6a6d" executionId="6b46c72a-28f3-48ba-a354-792c78e9f497" testListId="8c84fa94-04c1-424b-9868-57a2d4851a1d" />
    <TestEntry testId="739ec81d-c8da-df74-f054-5df99603b5cd" executionId="33da0631-4c73-4ad7-a0c8-d2f5044d0f33" testListId="8c84fa94-04c1-424b-9868-57a2d4851a1d" />
    <TestEntry testId="8f7300bc-13c8-afb0-5d5c-038a30c42057" executionId="d006a800-e755-41ad-9a62-b56701e58de3" testListId="8c84fa94-04c1-424b-9868-57a2d4851a1d" />
    <TestEntry testId="c9935236-3dc7-20b2-20c7-4b00b622d589" executionId="b5273f86-e73e-45e4-9cc6-7a4af743698b" testListId="8c84fa94-04c1-424b-9868-57a2d4851a1d" />
    <TestEntry testId="3ca052f4-5ecb-d752-86b1-3aa385e0cb08" executionId="2b3bc816-1253-4761-96db-b196fc70db7b" testListId="8c84fa94-04c1-424b-9868-57a2d4851a1d" />
    <TestEntry testId="40ab04bc-a608-887d-a986-4009e51a96d8" executionId="b646db9e-3860-4b71-9fb0-4487568b354b" testListId="8c84fa94-04c1-424b-9868-57a2d4851a1d" />
    <TestEntry testId="550274fc-357a-b7da-9333-1d4ad66a3dd6" executionId="98ae1cbb-d3f7-4911-8b24-0a52d9850c2a" testListId="8c84fa94-04c1-424b-9868-57a2d4851a1d" />
    <TestEntry testId="2ef782eb-be49-1538-f522-df88ab595068" executionId="cc7c034b-7ec1-4ad5-bde8-24929cc24c81" testListId="8c84fa94-04c1-424b-9868-57a2d4851a1d" />
    <TestEntry testId="d928bb87-5bc7-c1ae-e7c0-b36534f9e547" executionId="9013c772-55ea-4d12-9680-873620cdfc55" testListId="8c84fa94-04c1-424b-9868-57a2d4851a1d" />
    <TestEntry testId="6f0c4709-1273-1c0d-b746-36864a15e8a1" executionId="00f68b8f-4604-4b3e-8abb-edf7e35a469e" testListId="8c84fa94-04c1-424b-9868-57a2d4851a1d" />
    <TestEntry testId="6abfef1f-abbc-8b0d-f276-067cddb5d949" executionId="769f9f96-5308-4e22-9a6c-dcee4414dd1b" testListId="8c84fa94-04c1-424b-9868-57a2d4851a1d" />
    <TestEntry testId="fcd2988e-15d9-cfb1-3459-6c3cebf34c78" executionId="92c53e73-6876-4aeb-a3e0-542a5930b2cb" testListId="8c84fa94-04c1-424b-9868-57a2d4851a1d" />
    <TestEntry testId="0452e841-a80c-402b-e0d4-11bb60488219" executionId="64d37742-569e-4274-96ab-86f48370274d" testListId="8c84fa94-04c1-424b-9868-57a2d4851a1d" />
    <TestEntry testId="eb8831b6-7fc1-2e8b-d4e1-7902f50ab430" executionId="1bae8751-f3f0-481d-8a1f-c684a3de1065" testListId="8c84fa94-04c1-424b-9868-57a2d4851a1d" />
    <TestEntry testId="36c9a007-e797-7c77-50f6-246a1fe15df6" executionId="609f3f4a-28f5-444c-8643-93683f67e0e3" testListId="8c84fa94-04c1-424b-9868-57a2d4851a1d" />
    <TestEntry testId="57f591a6-5fa0-9f74-b6a0-bc23bed5d9bf" executionId="df466ee9-a530-4b53-8e08-6b49900adfb3" testListId="8c84fa94-04c1-424b-9868-57a2d4851a1d" />
    <TestEntry testId="be1670c1-87cf-a022-7371-bd9fed2e7f79" executionId="3373e809-a4a3-4601-a6e8-c0e6fed6f65c" testListId="8c84fa94-04c1-424b-9868-57a2d4851a1d" />
    <TestEntry testId="a1e2436b-a91f-baad-d690-dbfb04dde0fb" executionId="a91cbac3-3179-4637-959b-a53e946f82a6" testListId="8c84fa94-04c1-424b-9868-57a2d4851a1d" />
    <TestEntry testId="ab72fac4-e084-eb26-bab5-92ab7c7ffc29" executionId="2d531c33-330a-4078-8aa1-6fc9a6cf5b51" testListId="8c84fa94-04c1-424b-9868-57a2d4851a1d" />
    <TestEntry testId="827506d0-c2c8-eec5-af90-7a44403b74a1" executionId="533d793b-9fb4-488b-8c7a-e26f4ecb9f15" testListId="8c84fa94-04c1-424b-9868-57a2d4851a1d" />
    <TestEntry testId="b873df4b-cfc6-497b-aa64-a9da3dce4412" executionId="b337eb1e-cdba-4316-bb91-f12a23d612cf" testListId="8c84fa94-04c1-424b-9868-57a2d4851a1d" />
    <TestEntry testId="d339a176-156e-3937-7b65-6d348cc7d420" executionId="1ebfc888-2740-415a-9ea2-4a1de68d8e58" testListId="8c84fa94-04c1-424b-9868-57a2d4851a1d" />
    <TestEntry testId="3ad35232-36b6-a11d-2781-316a0d84ea6a" executionId="26fb8acd-f7e5-45d5-a7a7-6fa509d35eae" testListId="8c84fa94-04c1-424b-9868-57a2d4851a1d" />
    <TestEntry testId="e99b9975-dc27-8fe7-7d2c-09e7c72ef5f8" executionId="0834440d-95a9-47d1-aad9-c073ae531716" testListId="8c84fa94-04c1-424b-9868-57a2d4851a1d" />
    <TestEntry testId="bbe8ece6-a29b-ec4a-7b59-2d46b334b1a6" executionId="7795ce45-372e-4629-b33d-c794789d233d" testListId="8c84fa94-04c1-424b-9868-57a2d4851a1d" />
    <TestEntry testId="9677c9fb-901d-97e6-8a6f-27d061b3eef8" executionId="d8d1cfca-b9cd-425d-b0d5-eca3f0875911" testListId="8c84fa94-04c1-424b-9868-57a2d4851a1d" />
    <TestEntry testId="93be0aff-f16b-7698-011a-b1c3738b16ca" executionId="38bf6673-2692-495e-998f-8f1cfdcc4c3b" testListId="8c84fa94-04c1-424b-9868-57a2d4851a1d" />
    <TestEntry testId="fe79592d-753c-f5a4-ff11-ec36c44b9a67" executionId="b44cb900-82b1-4bb9-bb8e-ee87089341da" testListId="8c84fa94-04c1-424b-9868-57a2d4851a1d" />
    <TestEntry testId="c4acc539-1af5-7a75-7bff-e2c27a5e687b" executionId="a19664e7-a4e2-4e6a-9707-e1424d1ab098" testListId="8c84fa94-04c1-424b-9868-57a2d4851a1d" />
    <TestEntry testId="425d389f-d675-0d5a-b329-79c98ee888e2" executionId="1b0a253b-6f53-414e-9113-23ebf42fbab7" testListId="8c84fa94-04c1-424b-9868-57a2d4851a1d" />
    <TestEntry testId="4fe2b0ea-28ea-26c6-ae73-53b796fdadf7" executionId="c2ad792a-e49b-4a64-93b0-5bcd7c240dd2" testListId="8c84fa94-04c1-424b-9868-57a2d4851a1d" />
    <TestEntry testId="1bf9ee8e-ad1f-8b4d-204c-d46f36bd9b81" executionId="625646ff-a82b-4bd7-8150-dd711c74c6b4" testListId="8c84fa94-04c1-424b-9868-57a2d4851a1d" />
    <TestEntry testId="2b4cfbe1-4418-e61c-c6e5-b5d64a31b755" executionId="56a6f1ce-03a7-46dd-ab7b-476289bc7176" testListId="8c84fa94-04c1-424b-9868-57a2d4851a1d" />
    <TestEntry testId="41da5ebc-72b4-b1c7-eec1-9f9dc3eabdf5" executionId="fa2e7b3b-3144-4c4b-a719-c27b2da42bd6" testListId="8c84fa94-04c1-424b-9868-57a2d4851a1d" />
    <TestEntry testId="e542fef9-acc2-c9cd-5dad-c2cb109b7866" executionId="e487fa36-aa0c-4756-b191-5ae68a57b668" testListId="8c84fa94-04c1-424b-9868-57a2d4851a1d" />
    <TestEntry testId="5777bd2b-70a8-e1c3-f0c1-ca8df3b6cc1c" executionId="87f65313-f744-4eb3-9bce-3638af748118" testListId="8c84fa94-04c1-424b-9868-57a2d4851a1d" />
    <TestEntry testId="bca57abe-18a1-c993-2f8b-cf3dfad075a7" executionId="0e0f25f4-e59a-4075-b37e-3c44b9414923" testListId="8c84fa94-04c1-424b-9868-57a2d4851a1d" />
    <TestEntry testId="67708475-fe5c-51bb-6025-681a41029a2b" executionId="24121409-9975-4118-8928-4e59035b08a2" testListId="8c84fa94-04c1-424b-9868-57a2d4851a1d" />
  </TestEntries>
  <TestLists>
    <TestList name="列表中未列出的结果" id="8c84fa94-04c1-424b-9868-57a2d4851a1d" />
    <TestList name="所有已加载的结果" id="19431567-8539-422a-85d7-44ee4e166bda" />
  </TestLists>
  <ResultSummary outcome="Failed">
    <Counters total="146" executed="146" passed="144" failed="2" error="0" timeout="0" aborted="0" inconclusive="0" passedButRunAborted="0" notRunnable="0" notExecuted="0" disconnected="0" warning="0" completed="0" inProgress="0" pending="0" />
    <Output>
      <StdOut>[xUnit.net 00:00:00.00] xUnit.net VSTest Adapter v2.8.1+ce9211e970 (64-bit .NET 10.0.8)&#xD;
[xUnit.net 00:00:00.05]   Discovering: ClosetApp.Tests&#xD;
[xUnit.net 00:00:00.07]   Discovered:  ClosetApp.Tests&#xD;
[xUnit.net 00:00:00.07]   Starting:    ClosetApp.Tests&#xD;
[xUnit.net 00:00:00.16]       Assert.Equal() Failure: Strings differ&#xD;
[xUnit.net 00:00:00.16]                  ↓ (pos 0)&#xD;
[xUnit.net 00:00:00.16]       Expected: "风格 2 · 场景 1"&#xD;
[xUnit.net 00:00:00.16]       Actual:   "2"&#xD;
[xUnit.net 00:00:00.16]                  ↑ (pos 0)&#xD;
[xUnit.net 00:00:00.16]       Stack Trace:&#xD;
[xUnit.net 00:00:00.16]         D:\03_Projects\Personal\GirlfriendClosetApp\ClosetApp.Tests\TabStateTests.cs(90,0): at ClosetApp.Tests.TabStateTests.TagsTabState_SetTags_ComputesCategorySummaryAndSortsTags()&#xD;
[xUnit.net 00:00:00.16]            at System.Reflection.MethodBaseInvoker.InterpretedInvoke_Method(Object obj, IntPtr* args)&#xD;
[xUnit.net 00:00:00.16]            at System.Reflection.MethodBaseInvoker.InvokeWithNoArgs(Object obj, BindingFlags invokeAttr)&#xD;
[xUnit.net 00:00:00.94]       Microsoft.Data.Sqlite.SqliteException : SQLite Error 1: 'no such column: o.OutfitNameSnapshot'.&#xD;
[xUnit.net 00:00:00.94]       Stack Trace:&#xD;
[xUnit.net 00:00:00.94]            at Microsoft.Data.Sqlite.SqliteException.ThrowExceptionForRC(Int32 rc, sqlite3 db)&#xD;
[xUnit.net 00:00:00.94]            at Microsoft.Data.Sqlite.SqliteCommand.PrepareAndEnumerateStatements()+MoveNext()&#xD;
[xUnit.net 00:00:00.94]            at Microsoft.Data.Sqlite.SqliteCommand.GetStatements()+MoveNext()&#xD;
[xUnit.net 00:00:00.94]            at Microsoft.Data.Sqlite.SqliteDataReader.NextResult()&#xD;
[xUnit.net 00:00:00.94]            at Microsoft.Data.Sqlite.SqliteCommand.ExecuteReader(CommandBehavior behavior)&#xD;
[xUnit.net 00:00:00.94]            at Microsoft.Data.Sqlite.SqliteCommand.ExecuteReaderAsync(CommandBehavior behavior, CancellationToken cancellationToken)&#xD;
[xUnit.net 00:00:00.94]            at Microsoft.Data.Sqlite.SqliteCommand.ExecuteDbDataReaderAsync(CommandBehavior behavior, CancellationToken cancellationToken)&#xD;
[xUnit.net 00:00:00.94]            at Microsoft.EntityFrameworkCore.Storage.RelationalCommand.ExecuteReaderAsync(RelationalCommandParameterObject parameterObject, CancellationToken cancellationToken)&#xD;
[xUnit.net 00:00:00.94]            at Microsoft.EntityFrameworkCore.Storage.RelationalCommand.ExecuteReaderAsync(RelationalCommandParameterObject parameterObject, CancellationToken cancellationToken)&#xD;
[xUnit.net 00:00:00.94]            at Microsoft.EntityFrameworkCore.Query.Internal.SingleQueryingEnumerable`1.AsyncEnumerator.InitializeReaderAsync(AsyncEnumerator enumerator, CancellationToken cancellationToken)&#xD;
[xUnit.net 00:00:00.94]            at Microsoft.EntityFrameworkCore.Query.Internal.SingleQueryingEnumerable`1.AsyncEnumerator.MoveNextAsync()&#xD;
[xUnit.net 00:00:00.94]            at Microsoft.EntityFrameworkCore.EntityFrameworkQueryableExtensions.ToListAsync[TSource](IQueryable`1 source, CancellationToken cancellationToken)&#xD;
[xUnit.net 00:00:00.94]            at Microsoft.EntityFrameworkCore.EntityFrameworkQueryableExtensions.ToListAsync[TSource](IQueryable`1 source, CancellationToken cancellationToken)&#xD;
[xUnit.net 00:00:00.94]         D:\03_Projects\Personal\GirlfriendClosetApp\ClosetApp.Infrastructure\Services\BackupService.cs(222,0): at ClosetApp.Infrastructure.Services.BackupService.BuildBackupDocumentAsync()&#xD;
[xUnit.net 00:00:00.94]         D:\03_Projects\Personal\GirlfriendClosetApp\ClosetApp.Infrastructure\Services\BackupService.cs(222,0): at ClosetApp.Infrastructure.Services.BackupService.BuildBackupDocumentAsync()&#xD;
[xUnit.net 00:00:00.94]         D:\03_Projects\Personal\GirlfriendClosetApp\ClosetApp.Infrastructure\Services\BackupService.cs(43,0): at ClosetApp.Infrastructure.Services.BackupService.ValidateExportAsync(String filePath)&#xD;
[xUnit.net 00:00:00.94]         D:\03_Projects\Personal\GirlfriendClosetApp\ClosetApp.Infrastructure\Services\BackupService.cs(63,0): at ClosetApp.Infrastructure.Services.BackupService.ExportAsync(String filePath)&#xD;
[xUnit.net 00:00:00.94]         D:\03_Projects\Personal\GirlfriendClosetApp\ClosetApp.Tests\DatabaseLifecycleTests.cs(103,0): at ClosetApp.Tests.DatabaseLifecycleTests.InitializeAsync_AfterBackupRestore_KeepsImportedDataAccessible()&#xD;
[xUnit.net 00:00:00.94]         --- End of stack trace from previous location ---&#xD;
[xUnit.net 00:00:01.23]   Finished:    ClosetApp.Tests&#xD;
</StdOut>
    </Output>
    <RunInfos>
      <RunInfo computerName="LAPTOP-586G3BLJ" outcome="Error" timestamp="2026-05-29T22:46:28.8786165+08:00">
        <Text>[xUnit.net 00:00:00.16]     ClosetApp.Tests.TabStateTests.TagsTabState_SetTags_ComputesCategorySummaryAndSortsTags [FAIL]</Text>
      </RunInfo>
      <RunInfo computerName="LAPTOP-586G3BLJ" outcome="Error" timestamp="2026-05-29T22:46:29.6562561+08:00">
        <Text>[xUnit.net 00:00:00.94]     ClosetApp.Tests.DatabaseLifecycleTests.InitializeAsync_AfterBackupRestore_KeepsImportedDataAccessible [FAIL]</Text>
      </RunInfo>
    </RunInfos>
  </ResultSummary>
</TestRun>